{"meta": {"format": 3, "version": "7.13.5", "timestamp": "2026-05-05T11:41:35.232128", "branch_coverage": false, "show_contexts": false}, "files": {"backend/src/__init__.py": {"executed_lines": [], "summary": {"covered_lines": 0, "num_statements": 0, "percent_covered": 100.0, "percent_covered_display": "100", "missing_lines": 0, "excluded_lines": 0, "percent_statements_covered": 100.0, "percent_statements_covered_display": "100"}, "missing_lines": [], "excluded_lines": [], "functions": {"": {"executed_lines": [], "summary": {"covered_lines": 0, "num_statements": 0, "percent_covered": 100.0, "percent_covered_display": "100", "missing_lines": 0, "excluded_lines": 0, "percent_statements_covered": 100.0, "percent_statements_covered_display": "100"}, "missing_lines": [], "excluded_lines": [], "start_line": 1}}, "classes": {"": {"executed_lines": [], "summary": {"covered_lines": 0, "num_statements": 0, "percent_covered": 100.0, "percent_covered_display": "100", "missing_lines": 0, "excluded_lines": 0, "percent_statements_covered": 100.0, "percent_statements_covered_display": "100"}, "missing_lines": [], "excluded_lines": [], "start_line": 1}}}, "backend/src/api/__init__.py": {"executed_lines": [], "summary": {"covered_lines": 0, "num_statements": 0, "percent_covered": 100.0, "percent_covered_display": "100", "missing_lines": 0, "excluded_lines": 0, "percent_statements_covered": 100.0, "percent_statements_covered_display": "100"}, "missing_lines": [], "excluded_lines": [], "functions": {"": {"executed_lines": [], "summary": {"covered_lines": 0, "num_statements": 0, "percent_covered": 100.0, "percent_covered_display": "100", "missing_lines": 0, "excluded_lines": 0, "percent_statements_covered": 100.0, "percent_statements_covered_display": "100"}, "missing_lines": [], "excluded_lines": [], "start_line": 1}}, "classes": {"": {"executed_lines": [], "summary": {"covered_lines": 0, "num_statements": 0, "percent_covered": 100.0, "percent_covered_display": "100", "missing_lines": 0, "excluded_lines": 0, "percent_statements_covered": 100.0, "percent_statements_covered_display": "100"}, "missing_lines": [], "excluded_lines": [], "start_line": 1}}}, "backend/src/api/api.py": {"executed_lines": [5, 6, 7, 8, 11, 13, 14], "summary": {"covered_lines": 7, "num_statements": 7, "percent_covered": 100.0, "percent_covered_display": "100", "missing_lines": 0, "excluded_lines": 0, "percent_statements_covered": 100.0, "percent_statements_covered_display": "100"}, "missing_lines": [], "excluded_lines": [], "functions": {"": {"executed_lines": [5, 6, 7, 8, 11, 13, 14], "summary": {"covered_lines": 7, "num_statements": 7, "percent_covered": 100.0, "percent_covered_display": "100", "missing_lines": 0, "excluded_lines": 0, "percent_statements_covered": 100.0, "percent_statements_covered_display": "100"}, "missing_lines": [], "excluded_lines": [], "start_line": 1}}, "classes": {"": {"executed_lines": [5, 6, 7, 8, 11, 13, 14], "summary": {"covered_lines": 7, "num_statements": 7, "percent_covered": 100.0, "percent_covered_display": "100", "missing_lines": 0, "excluded_lines": 0, "percent_statements_covered": 100.0, "percent_statements_covered_display": "100"}, "missing_lines": [], "excluded_lines": [], "start_line": 1}}}, "backend/src/api/dependencies.py": {"executed_lines": [5, 6, 7, 8, 9, 12, 19, 20, 23, 24, 34], "summary": {"covered_lines": 11, "num_statements": 15, "percent_covered": 73.33333333333333, "percent_covered_display": "73", "missing_lines": 4, "excluded_lines": 0, "percent_statements_covered": 73.33333333333333, "percent_statements_covered_display": "73"}, "missing_lines": [21, 26, 27, 30], "excluded_lines": [], "functions": {"get_app_dao": {"executed_lines": [19, 20, 23, 24], "summary": {"covered_lines": 4, "num_statements": 8, "percent_covered": 50.0, "percent_covered_display": "50", "missing_lines": 4, "excluded_lines": 0, "percent_statements_covered": 50.0, "percent_statements_covered_display": "50"}, "missing_lines": [21, 26, 27, 30], "excluded_lines": [], "start_line": 12}, "": {"executed_lines": [5, 6, 7, 8, 9, 12, 34], "summary": {"covered_lines": 7, "num_statements": 7, "percent_covered": 100.0, "percent_covered_display": "100", "missing_lines": 0, "excluded_lines": 0, "percent_statements_covered": 100.0, "percent_statements_covered_display": "100"}, "missing_lines": [], "excluded_lines": [], "start_line": 1}}, "classes": {"": {"executed_lines": [5, 6, 7, 8, 9, 12, 19, 20, 23, 24, 34], "summary": {"covered_lines": 11, "num_statements": 15, "percent_covered": 73.33333333333333, "percent_covered_display": "73", "missing_lines": 4, "excluded_lines": 0, "percent_statements_covered": 73.33333333333333, "percent_statements_covered_display": "73"}, "missing_lines": [21, 26, 27, 30], "excluded_lines": [], "start_line": 1}}}, "backend/src/api/endpoints/__init__.py": {"executed_lines": [], "summary": {"covered_lines": 0, "num_statements": 0, "percent_covered": 100.0, "percent_covered_display": "100", "missing_lines": 0, "excluded_lines": 0, "percent_statements_covered": 100.0, "percent_statements_covered_display": "100"}, "missing_lines": [], "excluded_lines": [], "functions": {"": {"executed_lines": [], "summary": {"covered_lines": 0, "num_statements": 0, "percent_covered": 100.0, "percent_covered_display": "100", "missing_lines": 0, "excluded_lines": 0, "percent_statements_covered": 100.0, "percent_statements_covered_display": "100"}, "missing_lines": [], "excluded_lines": [], "start_line": 1}}, "classes": {"": {"executed_lines": [], "summary": {"covered_lines": 0, "num_statements": 0, "percent_covered": 100.0, "percent_covered_display": "100", "missing_lines": 0, "excluded_lines": 0, "percent_statements_covered": 100.0, "percent_statements_covered_display": "100"}, "missing_lines": [], "excluded_lines": [], "start_line": 1}}}, "backend/src/api/endpoints/app.py": {"executed_lines": [10, 12, 13, 14, 15, 16, 18, 19, 20, 26, 27, 28, 29, 35, 36, 39, 41, 44, 45, 77, 78, 83, 95, 104, 200, 214, 215, 216, 217, 220, 230, 231, 242, 248, 253, 255, 257, 261, 262, 264, 265], "summary": {"covered_lines": 41, "num_statements": 53, "percent_covered": 77.35849056603773, "percent_covered_display": "77", "missing_lines": 12, "excluded_lines": 0, "percent_statements_covered": 77.35849056603773, "percent_statements_covered_display": "77"}, "missing_lines": [84, 85, 86, 87, 88, 221, 224, 249, 250, 266, 267, 268], "excluded_lines": [], "functions": {"get_available_resources": {"executed_lines": [77, 78, 83], "summary": {"covered_lines": 3, "num_statements": 8, "percent_covered": 37.5, "percent_covered_display": "38", "missing_lines": 5, "excluded_lines": 0, "percent_statements_covered": 37.5, "percent_statements_covered_display": "38"}, "missing_lines": [84, 85, 86, 87, 88], "excluded_lines": [], "start_line": 45}, "run_engine_for_selected_resources": {"executed_lines": [200, 214, 215, 216, 217, 220, 230, 231, 242, 248, 253, 255, 257, 261, 262, 264, 265], "summary": {"covered_lines": 17, "num_statements": 24, "percent_covered": 70.83333333333333, "percent_covered_display": "71", "missing_lines": 7, "excluded_lines": 0, "percent_statements_covered": 70.83333333333333, "percent_statements_covered_display": "71"}, "missing_lines": [221, 224, 249, 250, 266, 267, 268], "excluded_lines": [], "start_line": 104}, "": {"executed_lines": [10, 12, 13, 14, 15, 16, 18, 19, 20, 26, 27, 28, 29, 35, 36, 39, 41, 44, 45, 95, 104], "summary": {"covered_lines": 21, "num_statements": 21, "percent_covered": 100.0, "percent_covered_display": "100", "missing_lines": 0, "excluded_lines": 0, "percent_statements_covered": 100.0, "percent_statements_covered_display": "100"}, "missing_lines": [], "excluded_lines": [], "start_line": 1}}, "classes": {"": {"executed_lines": [10, 12, 13, 14, 15, 16, 18, 19, 20, 26, 27, 28, 29, 35, 36, 39, 41, 44, 45, 77, 78, 83, 95, 104, 200, 214, 215, 216, 217, 220, 230, 231, 242, 248, 253, 255, 257, 261, 262, 264, 265], "summary": {"covered_lines": 41, "num_statements": 53, "percent_covered": 77.35849056603773, "percent_covered_display": "77", "missing_lines": 12, "excluded_lines": 0, "percent_statements_covered": 77.35849056603773, "percent_statements_covered_display": "77"}, "missing_lines": [84, 85, 86, 87, 88, 221, 224, 249, 250, 266, 267, 268], "excluded_lines": [], "start_line": 1}}}, "backend/src/api/endpoints/hw.py": {"executed_lines": [5, 7, 8, 9, 10, 11, 12, 13, 14, 15, 16, 18, 21, 26, 79, 85, 88, 89, 95, 96, 98, 99, 100, 103, 116, 117], "summary": {"covered_lines": 26, "num_statements": 26, "percent_covered": 100.0, "percent_covered_display": "100", "missing_lines": 0, "excluded_lines": 0, "percent_statements_covered": 100.0, "percent_statements_covered_display": "100"}, "missing_lines": [], "excluded_lines": [], "functions": {"run_engine_for_selected_hardware": {"executed_lines": [79, 85, 88, 89, 95, 96, 98, 99, 100, 103, 116, 117], "summary": {"covered_lines": 12, "num_statements": 12, "percent_covered": 100.0, "percent_covered_display": "100", "missing_lines": 0, "excluded_lines": 0, "percent_statements_covered": 100.0, "percent_statements_covered_display": "100"}, "missing_lines": [], "excluded_lines": [], "start_line": 26}, "": {"executed_lines": [5, 7, 8, 9, 10, 11, 12, 13, 14, 15, 16, 18, 21, 26], "summary": {"covered_lines": 14, "num_statements": 14, "percent_covered": 100.0, "percent_covered_display": "100", "missing_lines": 0, "excluded_lines": 0, "percent_statements_covered": 100.0, "percent_statements_covered_display": "100"}, "missing_lines": [], "excluded_lines": [], "start_line": 1}}, "classes": {"": {"executed_lines": [5, 7, 8, 9, 10, 11, 12, 13, 14, 15, 16, 18, 21, 26, 79, 85, 88, 89, 95, 96, 98, 99, 100, 103, 116, 117], "summary": {"covered_lines": 26, "num_statements": 26, "percent_covered": 100.0, "percent_covered_display": "100", "missing_lines": 0, "excluded_lines": 0, "percent_statements_covered": 100.0, "percent_statements_covered_display": "100"}, "missing_lines": [], "excluded_lines": [], "start_line": 1}}}, "backend/src/common/__init__.py": {"executed_lines": [], "summary": {"covered_lines": 0, "num_statements": 0, "percent_covered": 100.0, "percent_covered_display": "100", "missing_lines": 0, "excluded_lines": 0, "percent_statements_covered": 100.0, "percent_statements_covered_display": "100"}, "missing_lines": [], "excluded_lines": [], "functions": {"": {"executed_lines": [], "summary": {"covered_lines": 0, "num_statements": 0, "percent_covered": 100.0, "percent_covered_display": "100", "missing_lines": 0, "excluded_lines": 0, "percent_statements_covered": 100.0, "percent_statements_covered_display": "100"}, "missing_lines": [], "excluded_lines": [], "start_line": 1}}, "classes": {"": {"executed_lines": [], "summary": {"covered_lines": 0, "num_statements": 0, "percent_covered": 100.0, "percent_covered_display": "100", "missing_lines": 0, "excluded_lines": 0, "percent_statements_covered": 100.0, "percent_statements_covered_display": "100"}, "missing_lines": [], "excluded_lines": [], "start_line": 1}}}, "backend/src/common/constants.py": {"executed_lines": [5, 6, 7, 8, 20, 32, 33, 34, 36, 37, 38, 39, 40, 43, 51, 58, 178], "summary": {"covered_lines": 17, "num_statements": 17, "percent_covered": 100.0, "percent_covered_display": "100", "missing_lines": 0, "excluded_lines": 0, "percent_statements_covered": 100.0, "percent_statements_covered_display": "100"}, "missing_lines": [], "excluded_lines": [], "functions": {"": {"executed_lines": [5, 6, 7, 8, 20, 32, 33, 34, 36, 37, 38, 39, 40, 43, 51, 58, 178], "summary": {"covered_lines": 17, "num_statements": 17, "percent_covered": 100.0, "percent_covered_display": "100", "missing_lines": 0, "excluded_lines": 0, "percent_statements_covered": 100.0, "percent_statements_covered_display": "100"}, "missing_lines": [], "excluded_lines": [], "start_line": 1}}, "classes": {"": {"executed_lines": [5, 6, 7, 8, 20, 32, 33, 34, 36, 37, 38, 39, 40, 43, 51, 58, 178], "summary": {"covered_lines": 17, "num_statements": 17, "percent_covered": 100.0, "percent_covered_display": "100", "missing_lines": 0, "excluded_lines": 0, "percent_statements_covered": 100.0, "percent_statements_covered_display": "100"}, "missing_lines": [], "excluded_lines": [], "start_line": 1}}}, "backend/src/common/enums.py": {"executed_lines": [5, 7, 10, 22, 23, 24, 25, 26, 29, 41, 42, 43, 44, 45, 48, 59, 60, 61, 62, 65, 72, 73, 74, 75, 76, 77, 78, 79], "summary": {"covered_lines": 28, "num_statements": 28, "percent_covered": 100.0, "percent_covered_display": "100", "missing_lines": 0, "excluded_lines": 0, "percent_statements_covered": 100.0, "percent_statements_covered_display": "100"}, "missing_lines": [], "excluded_lines": [], "functions": {"": {"executed_lines": [5, 7, 10, 22, 23, 24, 25, 26, 29, 41, 42, 43, 44, 45, 48, 59, 60, 61, 62, 65, 72, 73, 74, 75, 76, 77, 78, 79], "summary": {"covered_lines": 28, "num_statements": 28, "percent_covered": 100.0, "percent_covered_display": "100", "missing_lines": 0, "excluded_lines": 0, "percent_statements_covered": 100.0, "percent_statements_covered_display": "100"}, "missing_lines": [], "excluded_lines": [], "start_line": 1}}, "classes": {"LogLevel": {"executed_lines": [], "summary": {"covered_lines": 0, "num_statements": 0, "percent_covered": 100.0, "percent_covered_display": "100", "missing_lines": 0, "excluded_lines": 0, "percent_statements_covered": 100.0, "percent_statements_covered_display": "100"}, "missing_lines": [], "excluded_lines": [], "start_line": 10}, "Label": {"executed_lines": [], "summary": {"covered_lines": 0, "num_statements": 0, "percent_covered": 100.0, "percent_covered_display": "100", "missing_lines": 0, "excluded_lines": 0, "percent_statements_covered": 100.0, "percent_statements_covered_display": "100"}, "missing_lines": [], "excluded_lines": [], "start_line": 29}, "HardwareConsumptionType": {"executed_lines": [], "summary": {"covered_lines": 0, "num_statements": 0, "percent_covered": 100.0, "percent_covered_display": "100", "missing_lines": 0, "excluded_lines": 0, "percent_statements_covered": 100.0, "percent_statements_covered_display": "100"}, "missing_lines": [], "excluded_lines": [], "start_line": 48}, "SamplingRate": {"executed_lines": [], "summary": {"covered_lines": 0, "num_statements": 0, "percent_covered": 100.0, "percent_covered_display": "100", "missing_lines": 0, "excluded_lines": 0, "percent_statements_covered": 100.0, "percent_statements_covered_display": "100"}, "missing_lines": [], "excluded_lines": [], "start_line": 65}, "": {"executed_lines": [5, 7, 10, 22, 23, 24, 25, 26, 29, 41, 42, 43, 44, 45, 48, 59, 60, 61, 62, 65, 72, 73, 74, 75, 76, 77, 78, 79], "summary": {"covered_lines": 28, "num_statements": 28, "percent_covered": 100.0, "percent_covered_display": "100", "missing_lines": 0, "excluded_lines": 0, "percent_statements_covered": 100.0, "percent_statements_covered_display": "100"}, "missing_lines": [], "excluded_lines": [], "start_line": 1}}}, "backend/src/common/errors.py": {"executed_lines": [5, 7, 10, 15, 16, 17, 18, 19, 20, 21, 22, 23, 26, 44, 45, 46, 47, 48, 49, 50, 53, 54, 55, 56, 57, 58, 61, 62, 63, 64, 65, 66, 69, 70, 71, 72, 73, 76, 77, 78, 79, 80, 81, 84, 85, 86, 87, 88, 89, 90, 91, 94, 95, 96, 97, 98, 101, 102, 103, 104, 105, 106, 109, 110, 111, 112, 113, 116, 117, 118, 119, 122, 123, 124, 125, 128, 133, 138, 139, 141, 145, 148], "summary": {"covered_lines": 82, "num_statements": 82, "percent_covered": 100.0, "percent_covered_display": "100", "missing_lines": 0, "excluded_lines": 0, "percent_statements_covered": 100.0, "percent_statements_covered_display": "100"}, "missing_lines": [], "excluded_lines": [], "functions": {"ErrorTemplate.__init__": {"executed_lines": [138, 139], "summary": {"covered_lines": 2, "num_statements": 2, "percent_covered": 100.0, "percent_covered_display": "100", "missing_lines": 0, "excluded_lines": 0, "percent_statements_covered": 100.0, "percent_statements_covered_display": "100"}, "missing_lines": [], "excluded_lines": [], "start_line": 133}, "ErrorTemplate.to_string": {"executed_lines": [145], "summary": {"covered_lines": 1, "num_statements": 1, "percent_covered": 100.0, "percent_covered_display": "100", "missing_lines": 0, "excluded_lines": 0, "percent_statements_covered": 100.0, "percent_statements_covered_display": "100"}, "missing_lines": [], "excluded_lines": [], "start_line": 141}, "": {"executed_lines": [5, 7, 10, 15, 16, 17, 18, 19, 20, 21, 22, 23, 26, 44, 45, 46, 47, 48, 49, 50, 53, 54, 55, 56, 57, 58, 61, 62, 63, 64, 65, 66, 69, 70, 71, 72, 73, 76, 77, 78, 79, 80, 81, 84, 85, 86, 87, 88, 89, 90, 91, 94, 95, 96, 97, 98, 101, 102, 103, 104, 105, 106, 109, 110, 111, 112, 113, 116, 117, 118, 119, 122, 123, 124, 125, 128, 133, 141, 148], "summary": {"covered_lines": 79, "num_statements": 79, "percent_covered": 100.0, "percent_covered_display": "100", "missing_lines": 0, "excluded_lines": 0, "percent_statements_covered": 100.0, "percent_statements_covered_display": "100"}, "missing_lines": [], "excluded_lines": [], "start_line": 1}}, "classes": {"ErrorCategory": {"executed_lines": [], "summary": {"covered_lines": 0, "num_statements": 0, "percent_covered": 100.0, "percent_covered_display": "100", "missing_lines": 0, "excluded_lines": 0, "percent_statements_covered": 100.0, "percent_statements_covered_display": "100"}, "missing_lines": [], "excluded_lines": [], "start_line": 10}, "ErrorCode": {"executed_lines": [], "summary": {"covered_lines": 0, "num_statements": 0, "percent_covered": 100.0, "percent_covered_display": "100", "missing_lines": 0, "excluded_lines": 0, "percent_statements_covered": 100.0, "percent_statements_covered_display": "100"}, "missing_lines": [], "excluded_lines": [], "start_line": 26}, "ErrorTemplate": {"executed_lines": [138, 139, 145], "summary": {"covered_lines": 3, "num_statements": 3, "percent_covered": 100.0, "percent_covered_display": "100", "missing_lines": 0, "excluded_lines": 0, "percent_statements_covered": 100.0, "percent_statements_covered_display": "100"}, "missing_lines": [], "excluded_lines": [], "start_line": 128}, "": {"executed_lines": [5, 7, 10, 15, 16, 17, 18, 19, 20, 21, 22, 23, 26, 44, 45, 46, 47, 48, 49, 50, 53, 54, 55, 56, 57, 58, 61, 62, 63, 64, 65, 66, 69, 70, 71, 72, 73, 76, 77, 78, 79, 80, 81, 84, 85, 86, 87, 88, 89, 90, 91, 94, 95, 96, 97, 98, 101, 102, 103, 104, 105, 106, 109, 110, 111, 112, 113, 116, 117, 118, 119, 122, 123, 124, 125, 128, 133, 141, 148], "summary": {"covered_lines": 79, "num_statements": 79, "percent_covered": 100.0, "percent_covered_display": "100", "missing_lines": 0, "excluded_lines": 0, "percent_statements_covered": 100.0, "percent_statements_covered_display": "100"}, "missing_lines": [], "excluded_lines": [], "start_line": 1}}}, "backend/src/common/exception_handler.py": {"executed_lines": [8, 10, 11, 12, 13, 14, 15, 18, 20, 23, 34, 38, 44, 45, 50, 54, 57, 58, 101, 119, 127, 128, 130, 133, 146, 149, 150, 157, 164, 167, 169, 171, 173, 175, 176, 177, 179, 180, 181, 183, 185, 187, 189, 192, 199, 202, 242, 253, 256, 258, 259, 263, 269, 272, 298, 306, 307, 308, 309, 311, 314], "summary": {"covered_lines": 61, "num_statements": 112, "percent_covered": 54.464285714285715, "percent_covered_display": "54", "missing_lines": 51, "excluded_lines": 0, "percent_statements_covered": 54.464285714285715, "percent_statements_covered_display": "54"}, "missing_lines": [35, 39, 40, 41, 49, 53, 61, 62, 66, 67, 70, 71, 74, 75, 78, 79, 82, 83, 86, 87, 88, 89, 90, 91, 94, 95, 98, 168, 170, 172, 174, 178, 182, 184, 186, 188, 190, 215, 218, 219, 220, 221, 229, 236, 257, 261, 283, 286, 292, 331, 332], "excluded_lines": [], "functions": {"get_status_code_for_error": {"executed_lines": [34, 38, 44, 45, 50, 54, 57, 58], "summary": {"covered_lines": 8, "num_statements": 35, "percent_covered": 22.857142857142858, "percent_covered_display": "23", "missing_lines": 27, "excluded_lines": 0, "percent_statements_covered": 22.857142857142858, "percent_statements_covered_display": "23"}, "missing_lines": [35, 39, 40, 41, 49, 53, 61, 62, 66, 67, 70, 71, 74, 75, 78, 79, 82, 83, 86, 87, 88, 89, 90, 91, 94, 95, 98], "excluded_lines": [], "start_line": 23}, "create_error_response": {"executed_lines": [119, 127, 128, 130], "summary": {"covered_lines": 4, "num_statements": 4, "percent_covered": 100.0, "percent_covered_display": "100", "missing_lines": 0, "excluded_lines": 0, "percent_statements_covered": 100.0, "percent_statements_covered_display": "100"}, "missing_lines": [], "excluded_lines": [], "start_line": 101}, "known_exception_handler": {"executed_lines": [146, 149, 150, 157, 164, 167, 169, 171, 173, 175, 176, 177, 179, 180, 181, 183, 185, 187, 189, 192, 199], "summary": {"covered_lines": 21, "num_statements": 31, "percent_covered": 67.74193548387096, "percent_covered_display": "68", "missing_lines": 10, "excluded_lines": 0, "percent_statements_covered": 67.74193548387096, "percent_statements_covered_display": "68"}, "missing_lines": [168, 170, 172, 174, 178, 182, 184, 186, 188, 190], "excluded_lines": [], "start_line": 133}, "validation_exception_handler": {"executed_lines": [], "summary": {"covered_lines": 0, "num_statements": 7, "percent_covered": 0.0, "percent_covered_display": "0", "missing_lines": 7, "excluded_lines": 0, "percent_statements_covered": 0.0, "percent_statements_covered_display": "0"}, "missing_lines": [215, 218, 219, 220, 221, 229, 236], "excluded_lines": [], "start_line": 202}, "http_exception_handler": {"executed_lines": [253, 256, 258, 259, 263, 269], "summary": {"covered_lines": 6, "num_statements": 8, "percent_covered": 75.0, "percent_covered_display": "75", "missing_lines": 2, "excluded_lines": 0, "percent_statements_covered": 75.0, "percent_statements_covered_display": "75"}, "missing_lines": [257, 261], "excluded_lines": [], "start_line": 242}, "generic_exception_handler": {"executed_lines": [], "summary": {"covered_lines": 0, "num_statements": 3, "percent_covered": 0.0, "percent_covered_display": "0", "missing_lines": 3, "excluded_lines": 0, "percent_statements_covered": 0.0, "percent_statements_covered_display": "0"}, "missing_lines": [283, 286, 292], "excluded_lines": [], "start_line": 272}, "register_exception_handlers": {"executed_lines": [306, 307, 308, 309, 311], "summary": {"covered_lines": 5, "num_statements": 5, "percent_covered": 100.0, "percent_covered_display": "100", "missing_lines": 0, "excluded_lines": 0, "percent_statements_covered": 100.0, "percent_statements_covered_display": "100"}, "missing_lines": [], "excluded_lines": [], "start_line": 298}, "raise_http_error": {"executed_lines": [], "summary": {"covered_lines": 0, "num_statements": 2, "percent_covered": 0.0, "percent_covered_display": "0", "missing_lines": 2, "excluded_lines": 0, "percent_statements_covered": 0.0, "percent_statements_covered_display": "0"}, "missing_lines": [331, 332], "excluded_lines": [], "start_line": 314}, "": {"executed_lines": [8, 10, 11, 12, 13, 14, 15, 18, 20, 23, 101, 133, 202, 242, 272, 298, 314], "summary": {"covered_lines": 17, "num_statements": 17, "percent_covered": 100.0, "percent_covered_display": "100", "missing_lines": 0, "excluded_lines": 0, "percent_statements_covered": 100.0, "percent_statements_covered_display": "100"}, "missing_lines": [], "excluded_lines": [], "start_line": 1}}, "classes": {"": {"executed_lines": [8, 10, 11, 12, 13, 14, 15, 18, 20, 23, 34, 38, 44, 45, 50, 54, 57, 58, 101, 119, 127, 128, 130, 133, 146, 149, 150, 157, 164, 167, 169, 171, 173, 175, 176, 177, 179, 180, 181, 183, 185, 187, 189, 192, 199, 202, 242, 253, 256, 258, 259, 263, 269, 272, 298, 306, 307, 308, 309, 311, 314], "summary": {"covered_lines": 61, "num_statements": 112, "percent_covered": 54.464285714285715, "percent_covered_display": "54", "missing_lines": 51, "excluded_lines": 0, "percent_statements_covered": 54.464285714285715, "percent_statements_covered_display": "54"}, "missing_lines": [35, 39, 40, 41, 49, 53, 61, 62, 66, 67, 70, 71, 74, 75, 78, 79, 82, 83, 86, 87, 88, 89, 90, 91, 94, 95, 98, 168, 170, 172, 174, 178, 182, 184, 186, 188, 190, 215, 218, 219, 220, 221, 229, 236, 257, 261, 283, 286, 292, 331, 332], "excluded_lines": [], "start_line": 1}}}, "backend/src/common/known_exception.py": {"executed_lines": [9, 11, 14, 21, 29, 30, 31, 32, 33, 35, 37, 38, 39, 42, 43, 45, 47, 48, 50, 56, 60, 63, 74, 80, 83, 96, 99, 117, 121, 124, 132, 135, 138, 152, 155, 169, 170, 171, 172, 173, 174, 175, 178, 181, 195, 196, 197, 198, 201, 204, 207, 225, 228, 242, 243, 244, 245, 246, 247, 248, 249, 252, 255, 272, 275, 289, 290, 291, 297, 300, 323, 326, 336, 339, 350, 353, 364, 371, 374, 397, 400, 410, 413, 429, 432, 455, 458, 478, 481, 509, 512, 544, 547], "summary": {"covered_lines": 93, "num_statements": 163, "percent_covered": 57.05521472392638, "percent_covered_display": "57", "missing_lines": 70, "excluded_lines": 0, "percent_statements_covered": 57.05521472392638, "percent_statements_covered_display": "57"}, "missing_lines": [40, 71, 72, 76, 77, 91, 92, 93, 109, 110, 111, 146, 218, 219, 269, 314, 315, 316, 317, 318, 319, 320, 333, 347, 361, 388, 389, 390, 391, 392, 393, 394, 407, 421, 446, 447, 448, 449, 450, 451, 452, 469, 470, 471, 472, 495, 496, 499, 500, 501, 502, 503, 528, 529, 530, 531, 532, 533, 534, 535, 536, 537, 538, 561, 562, 563, 564, 565, 566, 567], "excluded_lines": [], "functions": {"KnownException.__init__": {"executed_lines": [29, 30, 31, 32, 33], "summary": {"covered_lines": 5, "num_statements": 5, "percent_covered": 100.0, "percent_covered_display": "100", "missing_lines": 0, "excluded_lines": 0, "percent_statements_covered": 100.0, "percent_statements_covered_display": "100"}, "missing_lines": [], "excluded_lines": [], "start_line": 21}, "KnownException._build_message": {"executed_lines": [37, 38, 39], "summary": {"covered_lines": 3, "num_statements": 4, "percent_covered": 75.0, "percent_covered_display": "75", "missing_lines": 1, "excluded_lines": 0, "percent_statements_covered": 75.0, "percent_statements_covered_display": "75"}, "missing_lines": [40], "excluded_lines": [], "start_line": 35}, "KnownException.formatted_string": {"executed_lines": [45], "summary": {"covered_lines": 1, "num_statements": 1, "percent_covered": 100.0, "percent_covered_display": "100", "missing_lines": 0, "excluded_lines": 0, "percent_statements_covered": 100.0, "percent_statements_covered_display": "100"}, "missing_lines": [], "excluded_lines": [], "start_line": 43}, "KnownException.category": {"executed_lines": [50], "summary": {"covered_lines": 1, "num_statements": 1, "percent_covered": 100.0, "percent_covered_display": "100", "missing_lines": 0, "excluded_lines": 0, "percent_statements_covered": 100.0, "percent_statements_covered_display": "100"}, "missing_lines": [], "excluded_lines": [], "start_line": 48}, "MissingParametersError.__init__": {"executed_lines": [], "summary": {"covered_lines": 0, "num_statements": 2, "percent_covered": 0.0, "percent_covered_display": "0", "missing_lines": 2, "excluded_lines": 0, "percent_statements_covered": 0.0, "percent_statements_covered_display": "0"}, "missing_lines": [71, 72], "excluded_lines": [], "start_line": 63}, "MissingParametersError._build_message": {"executed_lines": [], "summary": {"covered_lines": 0, "num_statements": 2, "percent_covered": 0.0, "percent_covered_display": "0", "missing_lines": 2, "excluded_lines": 0, "percent_statements_covered": 0.0, "percent_statements_covered_display": "0"}, "missing_lines": [76, 77], "excluded_lines": [], "start_line": 74}, "ConfigFileError.__init__": {"executed_lines": [], "summary": {"covered_lines": 0, "num_statements": 3, "percent_covered": 0.0, "percent_covered_display": "0", "missing_lines": 3, "excluded_lines": 0, "percent_statements_covered": 0.0, "percent_statements_covered_display": "0"}, "missing_lines": [91, 92, 93], "excluded_lines": [], "start_line": 83}, "ConfigValidationError.__init__": {"executed_lines": [], "summary": {"covered_lines": 0, "num_statements": 3, "percent_covered": 0.0, "percent_covered_display": "0", "missing_lines": 3, "excluded_lines": 0, "percent_statements_covered": 0.0, "percent_statements_covered_display": "0"}, "missing_lines": [109, 110, 111], "excluded_lines": [], "start_line": 99}, "TokenError.__init__": {"executed_lines": [132], "summary": {"covered_lines": 1, "num_statements": 1, "percent_covered": 100.0, "percent_covered_display": "100", "missing_lines": 0, "excluded_lines": 0, "percent_statements_covered": 100.0, "percent_statements_covered_display": "100"}, "missing_lines": [], "excluded_lines": [], "start_line": 124}, "CredentialsError.__init__": {"executed_lines": [], "summary": {"covered_lines": 0, "num_statements": 1, "percent_covered": 0.0, "percent_covered_display": "0", "missing_lines": 1, "excluded_lines": 0, "percent_statements_covered": 0.0, "percent_statements_covered_display": "0"}, "missing_lines": [146], "excluded_lines": [], "start_line": 138}, "DataFetchError.__init__": {"executed_lines": [169, 170, 171, 172, 173, 174, 175], "summary": {"covered_lines": 7, "num_statements": 7, "percent_covered": 100.0, "percent_covered_display": "100", "missing_lines": 0, "excluded_lines": 0, "percent_statements_covered": 100.0, "percent_statements_covered_display": "100"}, "missing_lines": [], "excluded_lines": [], "start_line": 155}, "ThanosError.__init__": {"executed_lines": [195, 196, 197, 198, 201], "summary": {"covered_lines": 5, "num_statements": 5, "percent_covered": 100.0, "percent_covered_display": "100", "missing_lines": 0, "excluded_lines": 0, "percent_statements_covered": 100.0, "percent_statements_covered_display": "100"}, "missing_lines": [], "excluded_lines": [], "start_line": 181}, "PrometheusQueryError.__init__": {"executed_lines": [], "summary": {"covered_lines": 0, "num_statements": 2, "percent_covered": 0.0, "percent_covered_display": "0", "missing_lines": 2, "excluded_lines": 0, "percent_statements_covered": 0.0, "percent_statements_covered_display": "0"}, "missing_lines": [218, 219], "excluded_lines": [], "start_line": 207}, "ValidationError.__init__": {"executed_lines": [242, 243, 244, 245, 246, 247, 248, 249], "summary": {"covered_lines": 8, "num_statements": 8, "percent_covered": 100.0, "percent_covered_display": "100", "missing_lines": 0, "excluded_lines": 0, "percent_statements_covered": 100.0, "percent_statements_covered_display": "100"}, "missing_lines": [], "excluded_lines": [], "start_line": 228}, "DateValidationError.__init__": {"executed_lines": [], "summary": {"covered_lines": 0, "num_statements": 1, "percent_covered": 0.0, "percent_covered_display": "0", "missing_lines": 1, "excluded_lines": 0, "percent_statements_covered": 0.0, "percent_statements_covered_display": "0"}, "missing_lines": [269], "excluded_lines": [], "start_line": 255}, "QueryParameterError.__init__": {"executed_lines": [289, 290, 291], "summary": {"covered_lines": 3, "num_statements": 3, "percent_covered": 100.0, "percent_covered_display": "100", "missing_lines": 0, "excluded_lines": 0, "percent_statements_covered": 100.0, "percent_statements_covered_display": "100"}, "missing_lines": [], "excluded_lines": [], "start_line": 275}, "FileSystemError.__init__": {"executed_lines": [], "summary": {"covered_lines": 0, "num_statements": 7, "percent_covered": 0.0, "percent_covered_display": "0", "missing_lines": 7, "excluded_lines": 0, "percent_statements_covered": 0.0, "percent_statements_covered_display": "0"}, "missing_lines": [314, 315, 316, 317, 318, 319, 320], "excluded_lines": [], "start_line": 300}, "FileNotFoundError.__init__": {"executed_lines": [], "summary": {"covered_lines": 0, "num_statements": 1, "percent_covered": 0.0, "percent_covered_display": "0", "missing_lines": 1, "excluded_lines": 0, "percent_statements_covered": 0.0, "percent_statements_covered_display": "0"}, "missing_lines": [333], "excluded_lines": [], "start_line": 326}, "FileReadError.__init__": {"executed_lines": [], "summary": {"covered_lines": 0, "num_statements": 1, "percent_covered": 0.0, "percent_covered_display": "0", "missing_lines": 1, "excluded_lines": 0, "percent_statements_covered": 0.0, "percent_statements_covered_display": "0"}, "missing_lines": [347], "excluded_lines": [], "start_line": 339}, "FileWriteError.__init__": {"executed_lines": [], "summary": {"covered_lines": 0, "num_statements": 1, "percent_covered": 0.0, "percent_covered_display": "0", "missing_lines": 1, "excluded_lines": 0, "percent_statements_covered": 0.0, "percent_statements_covered_display": "0"}, "missing_lines": [361], "excluded_lines": [], "start_line": 353}, "ComputationError.__init__": {"executed_lines": [], "summary": {"covered_lines": 0, "num_statements": 7, "percent_covered": 0.0, "percent_covered_display": "0", "missing_lines": 7, "excluded_lines": 0, "percent_statements_covered": 0.0, "percent_statements_covered_display": "0"}, "missing_lines": [388, 389, 390, 391, 392, 393, 394], "excluded_lines": [], "start_line": 374}, "DivisionByZeroError.__init__": {"executed_lines": [], "summary": {"covered_lines": 0, "num_statements": 1, "percent_covered": 0.0, "percent_covered_display": "0", "missing_lines": 1, "excluded_lines": 0, "percent_statements_covered": 0.0, "percent_statements_covered_display": "0"}, "missing_lines": [407], "excluded_lines": [], "start_line": 400}, "MissingDataError.__init__": {"executed_lines": [], "summary": {"covered_lines": 0, "num_statements": 1, "percent_covered": 0.0, "percent_covered_display": "0", "missing_lines": 1, "excluded_lines": 0, "percent_statements_covered": 0.0, "percent_statements_covered_display": "0"}, "missing_lines": [421], "excluded_lines": [], "start_line": 413}, "ImpactFrameworkError.__init__": {"executed_lines": [], "summary": {"covered_lines": 0, "num_statements": 7, "percent_covered": 0.0, "percent_covered_display": "0", "missing_lines": 7, "excluded_lines": 0, "percent_statements_covered": 0.0, "percent_statements_covered_display": "0"}, "missing_lines": [446, 447, 448, 449, 450, 451, 452], "excluded_lines": [], "start_line": 432}, "ImpactFrameworkPluginError.__init__": {"executed_lines": [], "summary": {"covered_lines": 0, "num_statements": 4, "percent_covered": 0.0, "percent_covered_display": "0", "missing_lines": 4, "excluded_lines": 0, "percent_statements_covered": 0.0, "percent_statements_covered_display": "0"}, "missing_lines": [469, 470, 471, 472], "excluded_lines": [], "start_line": 458}, "DatabaseError.__init__": {"executed_lines": [], "summary": {"covered_lines": 0, "num_statements": 7, "percent_covered": 0.0, "percent_covered_display": "0", "missing_lines": 7, "excluded_lines": 0, "percent_statements_covered": 0.0, "percent_statements_covered_display": "0"}, "missing_lines": [495, 496, 499, 500, 501, 502, 503], "excluded_lines": [], "start_line": 481}, "ExternalAPIError.__init__": {"executed_lines": [], "summary": {"covered_lines": 0, "num_statements": 11, "percent_covered": 0.0, "percent_covered_display": "0", "missing_lines": 11, "excluded_lines": 0, "percent_statements_covered": 0.0, "percent_statements_covered_display": "0"}, "missing_lines": [528, 529, 530, 531, 532, 533, 534, 535, 536, 537, 538], "excluded_lines": [], "start_line": 512}, "ReportGenerationError.__init__": {"executed_lines": [], "summary": {"covered_lines": 0, "num_statements": 7, "percent_covered": 0.0, "percent_covered_display": "0", "missing_lines": 7, "excluded_lines": 0, "percent_statements_covered": 0.0, "percent_statements_covered_display": "0"}, "missing_lines": [561, 562, 563, 564, 565, 566, 567], "excluded_lines": [], "start_line": 547}, "": {"executed_lines": [9, 11, 14, 21, 35, 42, 43, 47, 48, 56, 60, 63, 74, 80, 83, 96, 99, 117, 121, 124, 135, 138, 152, 155, 178, 181, 204, 207, 225, 228, 252, 255, 272, 275, 297, 300, 323, 326, 336, 339, 350, 353, 364, 371, 374, 397, 400, 410, 413, 429, 432, 455, 458, 478, 481, 509, 512, 544, 547], "summary": {"covered_lines": 59, "num_statements": 59, "percent_covered": 100.0, "percent_covered_display": "100", "missing_lines": 0, "excluded_lines": 0, "percent_statements_covered": 100.0, "percent_statements_covered_display": "100"}, "missing_lines": [], "excluded_lines": [], "start_line": 1}}, "classes": {"KnownException": {"executed_lines": [29, 30, 31, 32, 33, 37, 38, 39, 45, 50], "summary": {"covered_lines": 10, "num_statements": 11, "percent_covered": 90.9090909090909, "percent_covered_display": "91", "missing_lines": 1, "excluded_lines": 0, "percent_statements_covered": 90.9090909090909, "percent_statements_covered_display": "91"}, "missing_lines": [40], "excluded_lines": [], "start_line": 14}, "ConfigurationError": {"executed_lines": [], "summary": {"covered_lines": 0, "num_statements": 0, "percent_covered": 100.0, "percent_covered_display": "100", "missing_lines": 0, "excluded_lines": 0, "percent_statements_covered": 100.0, "percent_statements_covered_display": "100"}, "missing_lines": [], "excluded_lines": [], "start_line": 56}, "MissingParametersError": {"executed_lines": [], "summary": {"covered_lines": 0, "num_statements": 4, "percent_covered": 0.0, "percent_covered_display": "0", "missing_lines": 4, "excluded_lines": 0, "percent_statements_covered": 0.0, "percent_statements_covered_display": "0"}, "missing_lines": [71, 72, 76, 77], "excluded_lines": [], "start_line": 60}, "ConfigFileError": {"executed_lines": [], "summary": {"covered_lines": 0, "num_statements": 3, "percent_covered": 0.0, "percent_covered_display": "0", "missing_lines": 3, "excluded_lines": 0, "percent_statements_covered": 0.0, "percent_statements_covered_display": "0"}, "missing_lines": [91, 92, 93], "excluded_lines": [], "start_line": 80}, "ConfigValidationError": {"executed_lines": [], "summary": {"covered_lines": 0, "num_statements": 3, "percent_covered": 0.0, "percent_covered_display": "0", "missing_lines": 3, "excluded_lines": 0, "percent_statements_covered": 0.0, "percent_statements_covered_display": "0"}, "missing_lines": [109, 110, 111], "excluded_lines": [], "start_line": 96}, "AuthenticationError": {"executed_lines": [], "summary": {"covered_lines": 0, "num_statements": 0, "percent_covered": 100.0, "percent_covered_display": "100", "missing_lines": 0, "excluded_lines": 0, "percent_statements_covered": 100.0, "percent_statements_covered_display": "100"}, "missing_lines": [], "excluded_lines": [], "start_line": 117}, "TokenError": {"executed_lines": [132], "summary": {"covered_lines": 1, "num_statements": 1, "percent_covered": 100.0, "percent_covered_display": "100", "missing_lines": 0, "excluded_lines": 0, "percent_statements_covered": 100.0, "percent_statements_covered_display": "100"}, "missing_lines": [], "excluded_lines": [], "start_line": 121}, "CredentialsError": {"executed_lines": [], "summary": {"covered_lines": 0, "num_statements": 1, "percent_covered": 0.0, "percent_covered_display": "0", "missing_lines": 1, "excluded_lines": 0, "percent_statements_covered": 0.0, "percent_statements_covered_display": "0"}, "missing_lines": [146], "excluded_lines": [], "start_line": 135}, "DataFetchError": {"executed_lines": [169, 170, 171, 172, 173, 174, 175], "summary": {"covered_lines": 7, "num_statements": 7, "percent_covered": 100.0, "percent_covered_display": "100", "missing_lines": 0, "excluded_lines": 0, "percent_statements_covered": 100.0, "percent_statements_covered_display": "100"}, "missing_lines": [], "excluded_lines": [], "start_line": 152}, "ThanosError": {"executed_lines": [195, 196, 197, 198, 201], "summary": {"covered_lines": 5, "num_statements": 5, "percent_covered": 100.0, "percent_covered_display": "100", "missing_lines": 0, "excluded_lines": 0, "percent_statements_covered": 100.0, "percent_statements_covered_display": "100"}, "missing_lines": [], "excluded_lines": [], "start_line": 178}, "PrometheusQueryError": {"executed_lines": [], "summary": {"covered_lines": 0, "num_statements": 2, "percent_covered": 0.0, "percent_covered_display": "0", "missing_lines": 2, "excluded_lines": 0, "percent_statements_covered": 0.0, "percent_statements_covered_display": "0"}, "missing_lines": [218, 219], "excluded_lines": [], "start_line": 204}, "ValidationError": {"executed_lines": [242, 243, 244, 245, 246, 247, 248, 249], "summary": {"covered_lines": 8, "num_statements": 8, "percent_covered": 100.0, "percent_covered_display": "100", "missing_lines": 0, "excluded_lines": 0, "percent_statements_covered": 100.0, "percent_statements_covered_display": "100"}, "missing_lines": [], "excluded_lines": [], "start_line": 225}, "DateValidationError": {"executed_lines": [], "summary": {"covered_lines": 0, "num_statements": 1, "percent_covered": 0.0, "percent_covered_display": "0", "missing_lines": 1, "excluded_lines": 0, "percent_statements_covered": 0.0, "percent_statements_covered_display": "0"}, "missing_lines": [269], "excluded_lines": [], "start_line": 252}, "QueryParameterError": {"executed_lines": [289, 290, 291], "summary": {"covered_lines": 3, "num_statements": 3, "percent_covered": 100.0, "percent_covered_display": "100", "missing_lines": 0, "excluded_lines": 0, "percent_statements_covered": 100.0, "percent_statements_covered_display": "100"}, "missing_lines": [], "excluded_lines": [], "start_line": 272}, "FileSystemError": {"executed_lines": [], "summary": {"covered_lines": 0, "num_statements": 7, "percent_covered": 0.0, "percent_covered_display": "0", "missing_lines": 7, "excluded_lines": 0, "percent_statements_covered": 0.0, "percent_statements_covered_display": "0"}, "missing_lines": [314, 315, 316, 317, 318, 319, 320], "excluded_lines": [], "start_line": 297}, "FileNotFoundError": {"executed_lines": [], "summary": {"covered_lines": 0, "num_statements": 1, "percent_covered": 0.0, "percent_covered_display": "0", "missing_lines": 1, "excluded_lines": 0, "percent_statements_covered": 0.0, "percent_statements_covered_display": "0"}, "missing_lines": [333], "excluded_lines": [], "start_line": 323}, "FileReadError": {"executed_lines": [], "summary": {"covered_lines": 0, "num_statements": 1, "percent_covered": 0.0, "percent_covered_display": "0", "missing_lines": 1, "excluded_lines": 0, "percent_statements_covered": 0.0, "percent_statements_covered_display": "0"}, "missing_lines": [347], "excluded_lines": [], "start_line": 336}, "FileWriteError": {"executed_lines": [], "summary": {"covered_lines": 0, "num_statements": 1, "percent_covered": 0.0, "percent_covered_display": "0", "missing_lines": 1, "excluded_lines": 0, "percent_statements_covered": 0.0, "percent_statements_covered_display": "0"}, "missing_lines": [361], "excluded_lines": [], "start_line": 350}, "DirectoryError": {"executed_lines": [], "summary": {"covered_lines": 0, "num_statements": 0, "percent_covered": 100.0, "percent_covered_display": "100", "missing_lines": 0, "excluded_lines": 0, "percent_statements_covered": 100.0, "percent_statements_covered_display": "100"}, "missing_lines": [], "excluded_lines": [], "start_line": 364}, "ComputationError": {"executed_lines": [], "summary": {"covered_lines": 0, "num_statements": 7, "percent_covered": 0.0, "percent_covered_display": "0", "missing_lines": 7, "excluded_lines": 0, "percent_statements_covered": 0.0, "percent_statements_covered_display": "0"}, "missing_lines": [388, 389, 390, 391, 392, 393, 394], "excluded_lines": [], "start_line": 371}, "DivisionByZeroError": {"executed_lines": [], "summary": {"covered_lines": 0, "num_statements": 1, "percent_covered": 0.0, "percent_covered_display": "0", "missing_lines": 1, "excluded_lines": 0, "percent_statements_covered": 0.0, "percent_statements_covered_display": "0"}, "missing_lines": [407], "excluded_lines": [], "start_line": 397}, "MissingDataError": {"executed_lines": [], "summary": {"covered_lines": 0, "num_statements": 1, "percent_covered": 0.0, "percent_covered_display": "0", "missing_lines": 1, "excluded_lines": 0, "percent_statements_covered": 0.0, "percent_statements_covered_display": "0"}, "missing_lines": [421], "excluded_lines": [], "start_line": 410}, "ImpactFrameworkError": {"executed_lines": [], "summary": {"covered_lines": 0, "num_statements": 7, "percent_covered": 0.0, "percent_covered_display": "0", "missing_lines": 7, "excluded_lines": 0, "percent_statements_covered": 0.0, "percent_statements_covered_display": "0"}, "missing_lines": [446, 447, 448, 449, 450, 451, 452], "excluded_lines": [], "start_line": 429}, "ImpactFrameworkPluginError": {"executed_lines": [], "summary": {"covered_lines": 0, "num_statements": 4, "percent_covered": 0.0, "percent_covered_display": "0", "missing_lines": 4, "excluded_lines": 0, "percent_statements_covered": 0.0, "percent_statements_covered_display": "0"}, "missing_lines": [469, 470, 471, 472], "excluded_lines": [], "start_line": 455}, "DatabaseError": {"executed_lines": [], "summary": {"covered_lines": 0, "num_statements": 7, "percent_covered": 0.0, "percent_covered_display": "0", "missing_lines": 7, "excluded_lines": 0, "percent_statements_covered": 0.0, "percent_statements_covered_display": "0"}, "missing_lines": [495, 496, 499, 500, 501, 502, 503], "excluded_lines": [], "start_line": 478}, "ExternalAPIError": {"executed_lines": [], "summary": {"covered_lines": 0, "num_statements": 11, "percent_covered": 0.0, "percent_covered_display": "0", "missing_lines": 11, "excluded_lines": 0, "percent_statements_covered": 0.0, "percent_statements_covered_display": "0"}, "missing_lines": [528, 529, 530, 531, 532, 533, 534, 535, 536, 537, 538], "excluded_lines": [], "start_line": 509}, "ReportGenerationError": {"executed_lines": [], "summary": {"covered_lines": 0, "num_statements": 7, "percent_covered": 0.0, "percent_covered_display": "0", "missing_lines": 7, "excluded_lines": 0, "percent_statements_covered": 0.0, "percent_statements_covered_display": "0"}, "missing_lines": [561, 562, 563, 564, 565, 566, 567], "excluded_lines": [], "start_line": 544}, "": {"executed_lines": [9, 11, 14, 21, 35, 42, 43, 47, 48, 56, 60, 63, 74, 80, 83, 96, 99, 117, 121, 124, 135, 138, 152, 155, 178, 181, 204, 207, 225, 228, 252, 255, 272, 275, 297, 300, 323, 326, 336, 339, 350, 353, 364, 371, 374, 397, 400, 410, 413, 429, 432, 455, 458, 478, 481, 509, 512, 544, 547], "summary": {"covered_lines": 59, "num_statements": 59, "percent_covered": 100.0, "percent_covered_display": "100", "missing_lines": 0, "excluded_lines": 0, "percent_statements_covered": 100.0, "percent_statements_covered_display": "100"}, "missing_lines": [], "excluded_lines": [], "start_line": 1}}}, "backend/src/core/__init__.py": {"executed_lines": [], "summary": {"covered_lines": 0, "num_statements": 0, "percent_covered": 100.0, "percent_covered_display": "100", "missing_lines": 0, "excluded_lines": 0, "percent_statements_covered": 100.0, "percent_statements_covered_display": "100"}, "missing_lines": [], "excluded_lines": [], "functions": {"": {"executed_lines": [], "summary": {"covered_lines": 0, "num_statements": 0, "percent_covered": 100.0, "percent_covered_display": "100", "missing_lines": 0, "excluded_lines": 0, "percent_statements_covered": 100.0, "percent_statements_covered_display": "100"}, "missing_lines": [], "excluded_lines": [], "start_line": 1}}, "classes": {"": {"executed_lines": [], "summary": {"covered_lines": 0, "num_statements": 0, "percent_covered": 100.0, "percent_covered_display": "100", "missing_lines": 0, "excluded_lines": 0, "percent_statements_covered": 100.0, "percent_statements_covered_display": "100"}, "missing_lines": [], "excluded_lines": [], "start_line": 1}}}, "backend/src/core/_app_settings.py": {"executed_lines": [5, 7, 8, 9, 10, 11, 12, 13, 14, 15, 16, 17, 18, 19, 20, 21, 23, 26, 31, 32, 33, 34, 35, 36, 39, 44, 45, 46, 47, 50, 55, 58, 59, 72, 74, 77, 83, 84, 85, 86, 87, 88, 89, 90, 91, 92, 93, 94, 97, 98, 99, 100, 101, 102, 105, 106, 107, 110, 113, 144, 161, 166, 167, 168, 169, 170, 171, 175, 178, 181, 186, 193, 194, 195, 196, 199, 202, 203, 206, 207, 210, 211, 214, 215, 216, 227, 228, 230, 232, 238, 241, 244, 245, 246, 247, 249, 251, 252, 258, 259, 270, 273, 274, 275, 276, 284, 287, 288], "summary": {"covered_lines": 108, "num_statements": 119, "percent_covered": 90.75630252100841, "percent_covered_display": "91", "missing_lines": 11, "excluded_lines": 0, "percent_statements_covered": 90.75630252100841, "percent_statements_covered_display": "91"}, "missing_lines": [73, 277, 278, 279, 280, 289, 290, 291, 292, 293, 294], "excluded_lines": [], "functions": {"ThanosConfig.check_cluster_group_level": {"executed_lines": [72, 74], "summary": {"covered_lines": 2, "num_statements": 3, "percent_covered": 66.66666666666667, "percent_covered_display": "67", "missing_lines": 1, "excluded_lines": 0, "percent_statements_covered": 66.66666666666667, "percent_statements_covered_display": "67"}, "missing_lines": [73], "excluded_lines": [], "start_line": 59}, "configure_logger": {"executed_lines": [193, 194, 195, 196, 199, 202, 203, 206, 207, 210, 211, 214, 215, 216, 227, 228, 230, 232, 238, 241, 244, 245, 246, 247, 249, 251, 252], "summary": {"covered_lines": 27, "num_statements": 27, "percent_covered": 100.0, "percent_covered_display": "100", "missing_lines": 0, "excluded_lines": 0, "percent_statements_covered": 100.0, "percent_statements_covered_display": "100"}, "missing_lines": [], "excluded_lines": [], "start_line": 186}, "get_settings": {"executed_lines": [270, 273, 274, 275, 276, 284], "summary": {"covered_lines": 6, "num_statements": 10, "percent_covered": 60.0, "percent_covered_display": "60", "missing_lines": 4, "excluded_lines": 0, "percent_statements_covered": 60.0, "percent_statements_covered_display": "60"}, "missing_lines": [277, 278, 279, 280], "excluded_lines": [], "start_line": 259}, "": {"executed_lines": [5, 7, 8, 9, 10, 11, 12, 13, 14, 15, 16, 17, 18, 19, 20, 21, 23, 26, 31, 32, 33, 34, 35, 36, 39, 44, 45, 46, 47, 50, 55, 58, 59, 77, 83, 84, 85, 86, 87, 88, 89, 90, 91, 92, 93, 94, 97, 98, 99, 100, 101, 102, 105, 106, 107, 110, 113, 144, 161, 166, 167, 168, 169, 170, 171, 175, 178, 181, 186, 258, 259, 287, 288], "summary": {"covered_lines": 73, "num_statements": 79, "percent_covered": 92.40506329113924, "percent_covered_display": "92", "missing_lines": 6, "excluded_lines": 0, "percent_statements_covered": 92.40506329113924, "percent_statements_covered_display": "92"}, "missing_lines": [289, 290, 291, 292, 293, 294], "excluded_lines": [], "start_line": 1}}, "classes": {"FastAPIConfig": {"executed_lines": [], "summary": {"covered_lines": 0, "num_statements": 0, "percent_covered": 100.0, "percent_covered_display": "100", "missing_lines": 0, "excluded_lines": 0, "percent_statements_covered": 100.0, "percent_statements_covered_display": "100"}, "missing_lines": [], "excluded_lines": [], "start_line": 26}, "UvicornConfig": {"executed_lines": [], "summary": {"covered_lines": 0, "num_statements": 0, "percent_covered": 100.0, "percent_covered_display": "100", "missing_lines": 0, "excluded_lines": 0, "percent_statements_covered": 100.0, "percent_statements_covered_display": "100"}, "missing_lines": [], "excluded_lines": [], "start_line": 39}, "ThanosConfig": {"executed_lines": [72, 74], "summary": {"covered_lines": 2, "num_statements": 3, "percent_covered": 66.66666666666667, "percent_covered_display": "67", "missing_lines": 1, "excluded_lines": 0, "percent_statements_covered": 66.66666666666667, "percent_statements_covered_display": "67"}, "missing_lines": [73], "excluded_lines": [], "start_line": 50}, "ReportConfig": {"executed_lines": [], "summary": {"covered_lines": 0, "num_statements": 0, "percent_covered": 100.0, "percent_covered_display": "100", "missing_lines": 0, "excluded_lines": 0, "percent_statements_covered": 100.0, "percent_statements_covered_display": "100"}, "missing_lines": [], "excluded_lines": [], "start_line": 77}, "Settings": {"executed_lines": [], "summary": {"covered_lines": 0, "num_statements": 0, "percent_covered": 100.0, "percent_covered_display": "100", "missing_lines": 0, "excluded_lines": 0, "percent_statements_covered": 100.0, "percent_statements_covered_display": "100"}, "missing_lines": [], "excluded_lines": [], "start_line": 161}, "": {"executed_lines": [5, 7, 8, 9, 10, 11, 12, 13, 14, 15, 16, 17, 18, 19, 20, 21, 23, 26, 31, 32, 33, 34, 35, 36, 39, 44, 45, 46, 47, 50, 55, 58, 59, 77, 83, 84, 85, 86, 87, 88, 89, 90, 91, 92, 93, 94, 97, 98, 99, 100, 101, 102, 105, 106, 107, 110, 113, 144, 161, 166, 167, 168, 169, 170, 171, 175, 178, 181, 186, 193, 194, 195, 196, 199, 202, 203, 206, 207, 210, 211, 214, 215, 216, 227, 228, 230, 232, 238, 241, 244, 245, 246, 247, 249, 251, 252, 258, 259, 270, 273, 274, 275, 276, 284, 287, 288], "summary": {"covered_lines": 106, "num_statements": 116, "percent_covered": 91.37931034482759, "percent_covered_display": "91", "missing_lines": 10, "excluded_lines": 0, "percent_statements_covered": 91.37931034482759, "percent_statements_covered_display": "91"}, "missing_lines": [277, 278, 279, 280, 289, 290, 291, 292, 293, 294], "excluded_lines": [], "start_line": 1}}}, "backend/src/core/registrar.py": {"executed_lines": [5, 6, 7, 8, 9, 10, 13, 14, 17, 20, 23, 30, 37, 38, 39, 41, 44, 51, 54, 64, 67, 70, 73], "summary": {"covered_lines": 23, "num_statements": 23, "percent_covered": 100.0, "percent_covered_display": "100", "missing_lines": 0, "excluded_lines": 0, "percent_statements_covered": 100.0, "percent_statements_covered_display": "100"}, "missing_lines": [], "excluded_lines": [], "functions": {"register_app": {"executed_lines": [30, 37, 38, 39, 41], "summary": {"covered_lines": 5, "num_statements": 5, "percent_covered": 100.0, "percent_covered_display": "100", "missing_lines": 0, "excluded_lines": 0, "percent_statements_covered": 100.0, "percent_statements_covered_display": "100"}, "missing_lines": [], "excluded_lines": [], "start_line": 23}, "register_router": {"executed_lines": [51], "summary": {"covered_lines": 1, "num_statements": 1, "percent_covered": 100.0, "percent_covered_display": "100", "missing_lines": 0, "excluded_lines": 0, "percent_statements_covered": 100.0, "percent_statements_covered_display": "100"}, "missing_lines": [], "excluded_lines": [], "start_line": 44}, "register_models": {"executed_lines": [64, 67, 70, 73], "summary": {"covered_lines": 4, "num_statements": 4, "percent_covered": 100.0, "percent_covered_display": "100", "missing_lines": 0, "excluded_lines": 0, "percent_statements_covered": 100.0, "percent_statements_covered_display": "100"}, "missing_lines": [], "excluded_lines": [], "start_line": 54}, "": {"executed_lines": [5, 6, 7, 8, 9, 10, 13, 14, 17, 20, 23, 44, 54], "summary": {"covered_lines": 13, "num_statements": 13, "percent_covered": 100.0, "percent_covered_display": "100", "missing_lines": 0, "excluded_lines": 0, "percent_statements_covered": 100.0, "percent_statements_covered_display": "100"}, "missing_lines": [], "excluded_lines": [], "start_line": 1}}, "classes": {"": {"executed_lines": [5, 6, 7, 8, 9, 10, 13, 14, 17, 20, 23, 30, 37, 38, 39, 41, 44, 51, 54, 64, 67, 70, 73], "summary": {"covered_lines": 23, "num_statements": 23, "percent_covered": 100.0, "percent_covered_display": "100", "missing_lines": 0, "excluded_lines": 0, "percent_statements_covered": 100.0, "percent_statements_covered_display": "100"}, "missing_lines": [], "excluded_lines": [], "start_line": 1}}}, "backend/src/core/settings/__init__.py": {"executed_lines": [1], "summary": {"covered_lines": 1, "num_statements": 1, "percent_covered": 100.0, "percent_covered_display": "100", "missing_lines": 0, "excluded_lines": 0, "percent_statements_covered": 100.0, "percent_statements_covered_display": "100"}, "missing_lines": [], "excluded_lines": [], "functions": {"": {"executed_lines": [1], "summary": {"covered_lines": 1, "num_statements": 1, "percent_covered": 100.0, "percent_covered_display": "100", "missing_lines": 0, "excluded_lines": 0, "percent_statements_covered": 100.0, "percent_statements_covered_display": "100"}, "missing_lines": [], "excluded_lines": [], "start_line": 1}}, "classes": {"": {"executed_lines": [1], "summary": {"covered_lines": 1, "num_statements": 1, "percent_covered": 100.0, "percent_covered_display": "100", "missing_lines": 0, "excluded_lines": 0, "percent_statements_covered": 100.0, "percent_statements_covered_display": "100"}, "missing_lines": [], "excluded_lines": [], "start_line": 1}}}, "backend/src/core/settings/config_carbon_intensity.py": {"executed_lines": [1, 2, 3, 5, 8, 9, 12, 18, 19, 21, 24, 25, 26, 28, 29], "summary": {"covered_lines": 15, "num_statements": 16, "percent_covered": 93.75, "percent_covered_display": "94", "missing_lines": 1, "excluded_lines": 0, "percent_statements_covered": 93.75, "percent_statements_covered_display": "94"}, "missing_lines": [22], "excluded_lines": [], "functions": {"CarbonIntensityConfig.get_known_locations": {"executed_lines": [], "summary": {"covered_lines": 0, "num_statements": 1, "percent_covered": 0.0, "percent_covered_display": "0", "missing_lines": 1, "excluded_lines": 0, "percent_statements_covered": 0.0, "percent_statements_covered_display": "0"}, "missing_lines": [22], "excluded_lines": [], "start_line": 21}, "CarbonIntensityConfig.get_ci_for_location": {"executed_lines": [25, 26], "summary": {"covered_lines": 2, "num_statements": 2, "percent_covered": 100.0, "percent_covered_display": "100", "missing_lines": 0, "excluded_lines": 0, "percent_statements_covered": 100.0, "percent_statements_covered_display": "100"}, "missing_lines": [], "excluded_lines": [], "start_line": 24}, "CarbonIntensityConfig.get_storage_embodied": {"executed_lines": [29], "summary": {"covered_lines": 1, "num_statements": 1, "percent_covered": 100.0, "percent_covered_display": "100", "missing_lines": 0, "excluded_lines": 0, "percent_statements_covered": 100.0, "percent_statements_covered_display": "100"}, "missing_lines": [], "excluded_lines": [], "start_line": 28}, "": {"executed_lines": [1, 2, 3, 5, 8, 9, 12, 18, 19, 21, 24, 28], "summary": {"covered_lines": 12, "num_statements": 12, "percent_covered": 100.0, "percent_covered_display": "100", "missing_lines": 0, "excluded_lines": 0, "percent_statements_covered": 100.0, "percent_statements_covered_display": "100"}, "missing_lines": [], "excluded_lines": [], "start_line": 1}}, "classes": {"CountryCarbonIntensity": {"executed_lines": [], "summary": {"covered_lines": 0, "num_statements": 0, "percent_covered": 100.0, "percent_covered_display": "100", "missing_lines": 0, "excluded_lines": 0, "percent_statements_covered": 100.0, "percent_statements_covered_display": "100"}, "missing_lines": [], "excluded_lines": [], "start_line": 8}, "CarbonIntensityConfig": {"executed_lines": [25, 26, 29], "summary": {"covered_lines": 3, "num_statements": 4, "percent_covered": 75.0, "percent_covered_display": "75", "missing_lines": 1, "excluded_lines": 0, "percent_statements_covered": 75.0, "percent_statements_covered_display": "75"}, "missing_lines": [22], "excluded_lines": [], "start_line": 12}, "": {"executed_lines": [1, 2, 3, 5, 8, 9, 12, 18, 19, 21, 24, 28], "summary": {"covered_lines": 12, "num_statements": 12, "percent_covered": 100.0, "percent_covered_display": "100", "missing_lines": 0, "excluded_lines": 0, "percent_statements_covered": 100.0, "percent_statements_covered_display": "100"}, "missing_lines": [], "excluded_lines": [], "start_line": 1}}}, "backend/src/core/settings/credentials/__init__.py": {"executed_lines": [], "summary": {"covered_lines": 0, "num_statements": 0, "percent_covered": 100.0, "percent_covered_display": "100", "missing_lines": 0, "excluded_lines": 0, "percent_statements_covered": 100.0, "percent_statements_covered_display": "100"}, "missing_lines": [], "excluded_lines": [], "functions": {"": {"executed_lines": [], "summary": {"covered_lines": 0, "num_statements": 0, "percent_covered": 100.0, "percent_covered_display": "100", "missing_lines": 0, "excluded_lines": 0, "percent_statements_covered": 100.0, "percent_statements_covered_display": "100"}, "missing_lines": [], "excluded_lines": [], "start_line": 1}}, "classes": {"": {"executed_lines": [], "summary": {"covered_lines": 0, "num_statements": 0, "percent_covered": 100.0, "percent_covered_display": "100", "missing_lines": 0, "excluded_lines": 0, "percent_statements_covered": 100.0, "percent_statements_covered_display": "100"}, "missing_lines": [], "excluded_lines": [], "start_line": 1}}}, "backend/src/core/settings/credentials/abstract_credentials_config.py": {"executed_lines": [1, 3, 4, 5, 8, 11, 17, 26, 27], "summary": {"covered_lines": 9, "num_statements": 11, "percent_covered": 81.81818181818181, "percent_covered_display": "82", "missing_lines": 2, "excluded_lines": 0, "percent_statements_covered": 81.81818181818181, "percent_statements_covered_display": "82"}, "missing_lines": [24, 28], "excluded_lines": [], "functions": {"AbstractCredentialsConfig.validate_configuration": {"executed_lines": [], "summary": {"covered_lines": 0, "num_statements": 1, "percent_covered": 0.0, "percent_covered_display": "0", "missing_lines": 1, "excluded_lines": 0, "percent_statements_covered": 0.0, "percent_statements_covered_display": "0"}, "missing_lines": [24], "excluded_lines": [], "start_line": 17}, "AbstractCredentialsConfig.validate_specific_configuration": {"executed_lines": [], "summary": {"covered_lines": 0, "num_statements": 1, "percent_covered": 0.0, "percent_covered_display": "0", "missing_lines": 1, "excluded_lines": 0, "percent_statements_covered": 0.0, "percent_statements_covered_display": "0"}, "missing_lines": [28], "excluded_lines": [], "start_line": 27}, "": {"executed_lines": [1, 3, 4, 5, 8, 11, 17, 26, 27], "summary": {"covered_lines": 9, "num_statements": 9, "percent_covered": 100.0, "percent_covered_display": "100", "missing_lines": 0, "excluded_lines": 0, "percent_statements_covered": 100.0, "percent_statements_covered_display": "100"}, "missing_lines": [], "excluded_lines": [], "start_line": 1}}, "classes": {"AbstractCredentialsConfig": {"executed_lines": [], "summary": {"covered_lines": 0, "num_statements": 2, "percent_covered": 0.0, "percent_covered_display": "0", "missing_lines": 2, "excluded_lines": 0, "percent_statements_covered": 0.0, "percent_statements_covered_display": "0"}, "missing_lines": [24, 28], "excluded_lines": [], "start_line": 11}, "": {"executed_lines": [1, 3, 4, 5, 8, 11, 17, 26, 27], "summary": {"covered_lines": 9, "num_statements": 9, "percent_covered": 100.0, "percent_covered_display": "100", "missing_lines": 0, "excluded_lines": 0, "percent_statements_covered": 100.0, "percent_statements_covered_display": "100"}, "missing_lines": [], "excluded_lines": [], "start_line": 1}}}, "backend/src/core/settings/credentials/credentials_config_azure.py": {"executed_lines": [2, 6, 7, 12, 15, 16, 17, 19], "summary": {"covered_lines": 8, "num_statements": 17, "percent_covered": 47.05882352941177, "percent_covered_display": "47", "missing_lines": 9, "excluded_lines": 0, "percent_statements_covered": 47.05882352941177, "percent_statements_covered_display": "47"}, "missing_lines": [27, 28, 29, 30, 31, 32, 33, 35, 36], "excluded_lines": [], "functions": {"AzureCredentialsConfig.validate_specific_configuration": {"executed_lines": [], "summary": {"covered_lines": 0, "num_statements": 9, "percent_covered": 0.0, "percent_covered_display": "0", "missing_lines": 9, "excluded_lines": 0, "percent_statements_covered": 0.0, "percent_statements_covered_display": "0"}, "missing_lines": [27, 28, 29, 30, 31, 32, 33, 35, 36], "excluded_lines": [], "start_line": 19}, "": {"executed_lines": [2, 6, 7, 12, 15, 16, 17, 19], "summary": {"covered_lines": 8, "num_statements": 8, "percent_covered": 100.0, "percent_covered_display": "100", "missing_lines": 0, "excluded_lines": 0, "percent_statements_covered": 100.0, "percent_statements_covered_display": "100"}, "missing_lines": [], "excluded_lines": [], "start_line": 1}}, "classes": {"AzureCredentialsConfig": {"executed_lines": [], "summary": {"covered_lines": 0, "num_statements": 9, "percent_covered": 0.0, "percent_covered_display": "0", "missing_lines": 9, "excluded_lines": 0, "percent_statements_covered": 0.0, "percent_statements_covered_display": "0"}, "missing_lines": [27, 28, 29, 30, 31, 32, 33, 35, 36], "excluded_lines": [], "start_line": 12}, "": {"executed_lines": [2, 6, 7, 12, 15, 16, 17, 19], "summary": {"covered_lines": 8, "num_statements": 8, "percent_covered": 100.0, "percent_covered_display": "100", "missing_lines": 0, "excluded_lines": 0, "percent_statements_covered": 100.0, "percent_statements_covered_display": "100"}, "missing_lines": [], "excluded_lines": [], "start_line": 1}}}, "backend/src/core/settings/providers/__init__.py": {"executed_lines": [], "summary": {"covered_lines": 0, "num_statements": 0, "percent_covered": 100.0, "percent_covered_display": "100", "missing_lines": 0, "excluded_lines": 0, "percent_statements_covered": 100.0, "percent_statements_covered_display": "100"}, "missing_lines": [], "excluded_lines": [], "functions": {"": {"executed_lines": [], "summary": {"covered_lines": 0, "num_statements": 0, "percent_covered": 100.0, "percent_covered_display": "100", "missing_lines": 0, "excluded_lines": 0, "percent_statements_covered": 100.0, "percent_statements_covered_display": "100"}, "missing_lines": [], "excluded_lines": [], "start_line": 1}}, "classes": {"": {"executed_lines": [], "summary": {"covered_lines": 0, "num_statements": 0, "percent_covered": 100.0, "percent_covered_display": "100", "missing_lines": 0, "excluded_lines": 0, "percent_statements_covered": 100.0, "percent_statements_covered_display": "100"}, "missing_lines": [], "excluded_lines": [], "start_line": 1}}}, "backend/src/core/settings/providers/abstract_provider_config.py": {"executed_lines": [1, 2, 5, 8, 17, 18, 19, 20, 21, 23, 24, 26, 27, 29, 30, 32, 35, 36], "summary": {"covered_lines": 18, "num_statements": 19, "percent_covered": 94.73684210526316, "percent_covered_display": "95", "missing_lines": 1, "excluded_lines": 0, "percent_statements_covered": 94.73684210526316, "percent_statements_covered_display": "95"}, "missing_lines": [33], "excluded_lines": [], "functions": {"AbstractProviderConfig.get_pue": {"executed_lines": [24], "summary": {"covered_lines": 1, "num_statements": 1, "percent_covered": 100.0, "percent_covered_display": "100", "missing_lines": 0, "excluded_lines": 0, "percent_statements_covered": 100.0, "percent_statements_covered_display": "100"}, "missing_lines": [], "excluded_lines": [], "start_line": 23}, "AbstractProviderConfig.get_electricity_ratios": {"executed_lines": [27], "summary": {"covered_lines": 1, "num_statements": 1, "percent_covered": 100.0, "percent_covered_display": "100", "missing_lines": 0, "excluded_lines": 0, "percent_statements_covered": 100.0, "percent_statements_covered_display": "100"}, "missing_lines": [], "excluded_lines": [], "start_line": 26}, "AbstractProviderConfig.get_storage_replication_factors": {"executed_lines": [30], "summary": {"covered_lines": 1, "num_statements": 1, "percent_covered": 100.0, "percent_covered_display": "100", "missing_lines": 0, "excluded_lines": 0, "percent_statements_covered": 100.0, "percent_statements_covered_display": "100"}, "missing_lines": [], "excluded_lines": [], "start_line": 29}, "AbstractProviderConfig.get_disk_sku_size_mapping": {"executed_lines": [], "summary": {"covered_lines": 0, "num_statements": 1, "percent_covered": 0.0, "percent_covered_display": "0", "missing_lines": 1, "excluded_lines": 0, "percent_statements_covered": 0.0, "percent_statements_covered_display": "0"}, "missing_lines": [33], "excluded_lines": [], "start_line": 32}, "AbstractProviderConfig.get_regions": {"executed_lines": [36], "summary": {"covered_lines": 1, "num_statements": 1, "percent_covered": 100.0, "percent_covered_display": "100", "missing_lines": 0, "excluded_lines": 0, "percent_statements_covered": 100.0, "percent_statements_covered_display": "100"}, "missing_lines": [], "excluded_lines": [], "start_line": 35}, "": {"executed_lines": [1, 2, 5, 8, 17, 18, 19, 20, 21, 23, 26, 29, 32, 35], "summary": {"covered_lines": 14, "num_statements": 14, "percent_covered": 100.0, "percent_covered_display": "100", "missing_lines": 0, "excluded_lines": 0, "percent_statements_covered": 100.0, "percent_statements_covered_display": "100"}, "missing_lines": [], "excluded_lines": [], "start_line": 1}}, "classes": {"AbstractProviderConfig": {"executed_lines": [24, 27, 30, 36], "summary": {"covered_lines": 4, "num_statements": 5, "percent_covered": 80.0, "percent_covered_display": "80", "missing_lines": 1, "excluded_lines": 0, "percent_statements_covered": 80.0, "percent_statements_covered_display": "80"}, "missing_lines": [33], "excluded_lines": [], "start_line": 8}, "": {"executed_lines": [1, 2, 5, 8, 17, 18, 19, 20, 21, 23, 26, 29, 32, 35], "summary": {"covered_lines": 14, "num_statements": 14, "percent_covered": 100.0, "percent_covered_display": "100", "missing_lines": 0, "excluded_lines": 0, "percent_statements_covered": 100.0, "percent_statements_covered_display": "100"}, "missing_lines": [], "excluded_lines": [], "start_line": 1}}}, "backend/src/core/yaml_config_loader.py": {"executed_lines": [8, 10, 11, 12, 13, 14, 15, 16, 18, 19, 20, 22, 23, 28, 30, 33, 37, 41, 44, 47, 48, 49, 50, 53, 56, 57, 58, 59, 60, 61, 62, 63, 65, 66, 68, 73, 76, 79, 84, 87, 88, 91, 92, 95, 105, 106, 107, 109, 110, 122, 127, 129, 130, 142, 147, 149, 150, 160, 168, 173, 175, 176, 180, 181, 186, 189, 190, 193, 196, 197, 198, 199, 200, 203, 230, 245, 249, 250, 252, 253, 254, 256, 275, 278, 290, 291, 293, 295, 304, 309, 314, 316, 319, 328, 329, 330, 333, 349, 350, 356, 370, 371, 372, 373, 374, 375, 376, 377, 379, 380, 382, 385, 386, 394, 395, 396, 398, 407, 424, 425, 426], "summary": {"covered_lines": 121, "num_statements": 166, "percent_covered": 72.89156626506023, "percent_covered_display": "73", "missing_lines": 45, "excluded_lines": 0, "percent_statements_covered": 72.89156626506023, "percent_statements_covered_display": "73"}, "missing_lines": [69, 123, 143, 161, 165, 178, 183, 216, 217, 218, 220, 221, 222, 223, 224, 225, 227, 246, 247, 257, 258, 260, 261, 262, 263, 264, 265, 266, 269, 270, 271, 272, 273, 296, 299, 351, 352, 353, 421, 430, 431, 432, 433, 434, 435], "excluded_lines": [], "functions": {"ApiConfig.validate_api_config": {"executed_lines": [68, 73], "summary": {"covered_lines": 2, "num_statements": 3, "percent_covered": 66.66666666666667, "percent_covered_display": "67", "missing_lines": 1, "excluded_lines": 0, "percent_statements_covered": 66.66666666666667, "percent_statements_covered_display": "67"}, "missing_lines": [69], "excluded_lines": [], "start_line": 66}, "DaemonConfig.validate_source_configuration": {"executed_lines": [122, 127], "summary": {"covered_lines": 2, "num_statements": 3, "percent_covered": 66.66666666666667, "percent_covered_display": "67", "missing_lines": 1, "excluded_lines": 0, "percent_statements_covered": 66.66666666666667, "percent_statements_covered_display": "67"}, "missing_lines": [123], "excluded_lines": [], "start_line": 110}, "DaemonConfig.validate_output_configuration": {"executed_lines": [142, 147], "summary": {"covered_lines": 2, "num_statements": 3, "percent_covered": 66.66666666666667, "percent_covered_display": "67", "missing_lines": 1, "excluded_lines": 0, "percent_statements_covered": 66.66666666666667, "percent_statements_covered_display": "67"}, "missing_lines": [143], "excluded_lines": [], "start_line": 130}, "DaemonConfig.validate_orchestrator_configuration": {"executed_lines": [160, 168, 173], "summary": {"covered_lines": 3, "num_statements": 5, "percent_covered": 60.0, "percent_covered_display": "60", "missing_lines": 2, "excluded_lines": 0, "percent_statements_covered": 60.0, "percent_statements_covered_display": "60"}, "missing_lines": [161, 165], "excluded_lines": [], "start_line": 150}, "DaemonConfig.input_path": {"executed_lines": [], "summary": {"covered_lines": 0, "num_statements": 1, "percent_covered": 0.0, "percent_covered_display": "0", "missing_lines": 1, "excluded_lines": 0, "percent_statements_covered": 0.0, "percent_statements_covered_display": "0"}, "missing_lines": [178], "excluded_lines": [], "start_line": 176}, "DaemonConfig.output_path": {"executed_lines": [], "summary": {"covered_lines": 0, "num_statements": 1, "percent_covered": 0.0, "percent_covered_display": "0", "missing_lines": 1, "excluded_lines": 0, "percent_statements_covered": 0.0, "percent_statements_covered_display": "0"}, "missing_lines": [183], "excluded_lines": [], "start_line": 181}, "env_constructor": {"executed_lines": [], "summary": {"covered_lines": 0, "num_statements": 10, "percent_covered": 0.0, "percent_covered_display": "0", "missing_lines": 10, "excluded_lines": 0, "percent_statements_covered": 0.0, "percent_statements_covered_display": "0"}, "missing_lines": [216, 217, 218, 220, 221, 222, 223, 224, 225, 227], "excluded_lines": [], "start_line": 203}, "load_yaml": {"executed_lines": [245, 249, 250, 252, 253, 254, 256, 275], "summary": {"covered_lines": 8, "num_statements": 24, "percent_covered": 33.333333333333336, "percent_covered_display": "33", "missing_lines": 16, "excluded_lines": 0, "percent_statements_covered": 33.333333333333336, "percent_statements_covered_display": "33"}, "missing_lines": [246, 247, 257, 258, 260, 261, 262, 263, 264, 265, 266, 269, 270, 271, 272, 273], "excluded_lines": [], "start_line": 230}, "load_main_config": {"executed_lines": [290, 291, 293, 295, 304, 309, 314, 316], "summary": {"covered_lines": 8, "num_statements": 10, "percent_covered": 80.0, "percent_covered_display": "80", "missing_lines": 2, "excluded_lines": 0, "percent_statements_covered": 80.0, "percent_statements_covered_display": "80"}, "missing_lines": [296, 299], "excluded_lines": [], "start_line": 278}, "load_carbon_intensity_config": {"executed_lines": [328, 329, 330], "summary": {"covered_lines": 3, "num_statements": 3, "percent_covered": 100.0, "percent_covered_display": "100", "missing_lines": 0, "excluded_lines": 0, "percent_statements_covered": 100.0, "percent_statements_covered_display": "100"}, "missing_lines": [], "excluded_lines": [], "start_line": 319}, "_instantiate_provider_config": {"executed_lines": [349, 350], "summary": {"covered_lines": 2, "num_statements": 5, "percent_covered": 40.0, "percent_covered_display": "40", "missing_lines": 3, "excluded_lines": 0, "percent_statements_covered": 40.0, "percent_statements_covered_display": "40"}, "missing_lines": [351, 352, 353], "excluded_lines": [], "start_line": 333}, "load_provider_configs": {"executed_lines": [370, 371, 372, 373, 374, 375, 376, 377, 379, 380, 382], "summary": {"covered_lines": 11, "num_statements": 11, "percent_covered": 100.0, "percent_covered_display": "100", "missing_lines": 0, "excluded_lines": 0, "percent_statements_covered": 100.0, "percent_statements_covered_display": "100"}, "missing_lines": [], "excluded_lines": [], "start_line": 356}, "load_and_validate_config": {"executed_lines": [394, 395, 396, 398], "summary": {"covered_lines": 4, "num_statements": 4, "percent_covered": 100.0, "percent_covered_display": "100", "missing_lines": 0, "excluded_lines": 0, "percent_statements_covered": 100.0, "percent_statements_covered_display": "100"}, "missing_lines": [], "excluded_lines": [], "start_line": 386}, "get_config": {"executed_lines": [], "summary": {"covered_lines": 0, "num_statements": 1, "percent_covered": 0.0, "percent_covered_display": "0", "missing_lines": 1, "excluded_lines": 0, "percent_statements_covered": 0.0, "percent_statements_covered_display": "0"}, "missing_lines": [421], "excluded_lines": [], "start_line": 407}, "": {"executed_lines": [8, 10, 11, 12, 13, 14, 15, 16, 18, 19, 20, 22, 23, 28, 30, 33, 37, 41, 44, 47, 48, 49, 50, 53, 56, 57, 58, 59, 60, 61, 62, 63, 65, 66, 76, 79, 84, 87, 88, 91, 92, 95, 105, 106, 107, 109, 110, 129, 130, 149, 150, 175, 176, 180, 181, 186, 189, 190, 193, 196, 197, 198, 199, 200, 203, 230, 278, 319, 333, 356, 385, 386, 407, 424, 425, 426], "summary": {"covered_lines": 76, "num_statements": 82, "percent_covered": 92.6829268292683, "percent_covered_display": "93", "missing_lines": 6, "excluded_lines": 0, "percent_statements_covered": 92.6829268292683, "percent_statements_covered_display": "93"}, "missing_lines": [430, 431, 432, 433, 434, 435], "excluded_lines": [], "start_line": 1}}, "classes": {"Labels": {"executed_lines": [], "summary": {"covered_lines": 0, "num_statements": 0, "percent_covered": 100.0, "percent_covered_display": "100", "missing_lines": 0, "excluded_lines": 0, "percent_statements_covered": 100.0, "percent_statements_covered_display": "100"}, "missing_lines": [], "excluded_lines": [], "start_line": 44}, "ApiConfig": {"executed_lines": [68, 73], "summary": {"covered_lines": 2, "num_statements": 3, "percent_covered": 66.66666666666667, "percent_covered_display": "67", "missing_lines": 1, "excluded_lines": 0, "percent_statements_covered": 66.66666666666667, "percent_statements_covered_display": "67"}, "missing_lines": [69], "excluded_lines": [], "start_line": 53}, "OrchestratorConfig": {"executed_lines": [], "summary": {"covered_lines": 0, "num_statements": 0, "percent_covered": 100.0, "percent_covered_display": "100", "missing_lines": 0, "excluded_lines": 0, "percent_statements_covered": 100.0, "percent_statements_covered_display": "100"}, "missing_lines": [], "excluded_lines": [], "start_line": 76}, "SourceConfig": {"executed_lines": [], "summary": {"covered_lines": 0, "num_statements": 0, "percent_covered": 100.0, "percent_covered_display": "100", "missing_lines": 0, "excluded_lines": 0, "percent_statements_covered": 100.0, "percent_statements_covered_display": "100"}, "missing_lines": [], "excluded_lines": [], "start_line": 87}, "OutputConfig": {"executed_lines": [], "summary": {"covered_lines": 0, "num_statements": 0, "percent_covered": 100.0, "percent_covered_display": "100", "missing_lines": 0, "excluded_lines": 0, "percent_statements_covered": 100.0, "percent_statements_covered_display": "100"}, "missing_lines": [], "excluded_lines": [], "start_line": 91}, "DaemonConfig": {"executed_lines": [122, 127, 142, 147, 160, 168, 173], "summary": {"covered_lines": 7, "num_statements": 13, "percent_covered": 53.84615384615385, "percent_covered_display": "54", "missing_lines": 6, "excluded_lines": 0, "percent_statements_covered": 53.84615384615385, "percent_statements_covered_display": "54"}, "missing_lines": [123, 143, 161, 165, 178, 183], "excluded_lines": [], "start_line": 95}, "DefaultsConfig": {"executed_lines": [], "summary": {"covered_lines": 0, "num_statements": 0, "percent_covered": 100.0, "percent_covered_display": "100", "missing_lines": 0, "excluded_lines": 0, "percent_statements_covered": 100.0, "percent_statements_covered_display": "100"}, "missing_lines": [], "excluded_lines": [], "start_line": 186}, "AppConfig": {"executed_lines": [], "summary": {"covered_lines": 0, "num_statements": 0, "percent_covered": 100.0, "percent_covered_display": "100", "missing_lines": 0, "excluded_lines": 0, "percent_statements_covered": 100.0, "percent_statements_covered_display": "100"}, "missing_lines": [], "excluded_lines": [], "start_line": 193}, "": {"executed_lines": [8, 10, 11, 12, 13, 14, 15, 16, 18, 19, 20, 22, 23, 28, 30, 33, 37, 41, 44, 47, 48, 49, 50, 53, 56, 57, 58, 59, 60, 61, 62, 63, 65, 66, 76, 79, 84, 87, 88, 91, 92, 95, 105, 106, 107, 109, 110, 129, 130, 149, 150, 175, 176, 180, 181, 186, 189, 190, 193, 196, 197, 198, 199, 200, 203, 230, 245, 249, 250, 252, 253, 254, 256, 275, 278, 290, 291, 293, 295, 304, 309, 314, 316, 319, 328, 329, 330, 333, 349, 350, 356, 370, 371, 372, 373, 374, 375, 376, 377, 379, 380, 382, 385, 386, 394, 395, 396, 398, 407, 424, 425, 426], "summary": {"covered_lines": 112, "num_statements": 150, "percent_covered": 74.66666666666667, "percent_covered_display": "75", "missing_lines": 38, "excluded_lines": 0, "percent_statements_covered": 74.66666666666667, "percent_statements_covered_display": "75"}, "missing_lines": [216, 217, 218, 220, 221, 222, 223, 224, 225, 227, 246, 247, 257, 258, 260, 261, 262, 263, 264, 265, 266, 269, 270, 271, 272, 273, 296, 299, 351, 352, 353, 421, 430, 431, 432, 433, 434, 435], "excluded_lines": [], "start_line": 1}}}, "backend/src/crud/__init__.py": {"executed_lines": [], "summary": {"cove
[...]
 69, 70, 71, 72, 73, 74, 76, 77, 78, 80, 81, 85, 86, 88, 95, 96, 97, 98, 103, 122, 123, 140], "summary": {"covered_lines": 43, "num_statements": 54, "percent_covered": 79.62962962962963, "percent_covered_display": "80", "missing_lines": 11, "excluded_lines": 0, "percent_statements_covered": 79.62962962962963, "percent_statements_covered_display": "80"}, "missing_lines": [107, 108, 109, 110, 111, 114, 115, 116, 117, 118, 119], "excluded_lines": [], "functions": {"IFVMService.__init__": {"executed_lines": [44], "summary": {"covered_lines": 1, "num_statements": 1, "percent_covered": 100.0, "percent_covered_display": "100", "missing_lines": 0, "excluded_lines": 0, "percent_statements_covered": 100.0, "percent_statements_covered_display": "100"}, "missing_lines": [], "excluded_lines": [], "start_line": 43}, "IFVMService.run_engine": {"executed_lines": [62, 66, 69, 70, 71, 72, 73, 74, 76, 80, 81, 85, 86], "summary": {"covered_lines": 13, "num_statements": 13, "percent_covered": 100.0, "percent_covered_display": "100", "missing_lines": 0, "excluded_lines": 0, "percent_statements_covered": 100.0, "percent_statements_covered_display": "100"}, "missing_lines": [], "excluded_lines": [], "start_line": 51}, "IFVMService.run_engine._provider_key": {"executed_lines": [67], "summary": {"covered_lines": 1, "num_statements": 1, "percent_covered": 100.0, "percent_covered_display": "100", "missing_lines": 0, "excluded_lines": 0, "percent_statements_covered": 100.0, "percent_statements_covered_display": "100"}, "missing_lines": [], "excluded_lines": [], "start_line": 66}, "IFVMService.run_engine.compute_metrics_for_chunk": {"executed_lines": [77, 78], "summary": {"covered_lines": 2, "num_statements": 2, "percent_covered": 100.0, "percent_covered_display": "100", "missing_lines": 0, "excluded_lines": 0, "percent_statements_covered": 100.0, "percent_statements_covered_display": "100"}, "missing_lines": [], "excluded_lines": [], "start_line": 76}, "IFVMService.get_models_info": {"executed_lines": [95, 96, 97, 98, 103], "summary": {"covered_lines": 5, "num_statements": 16, "percent_covered": 31.25, "percent_covered_display": "31", "missing_lines": 11, "excluded_lines": 0, "percent_statements_covered": 31.25, "percent_statements_covered_display": "31"}, "missing_lines": [107, 108, 109, 110, 111, 114, 115, 116, 117, 118, 119], "excluded_lines": [], "start_line": 88}, "IFVMService.get_resource_inputs": {"executed_lines": [140], "summary": {"covered_lines": 1, "num_statements": 1, "percent_covered": 100.0, "percent_covered_display": "100", "missing_lines": 0, "excluded_lines": 0, "percent_statements_covered": 100.0, "percent_statements_covered_display": "100"}, "missing_lines": [], "excluded_lines": [], "start_line": 123}, "": {"executed_lines": [6, 7, 8, 9, 11, 12, 15, 18, 21, 24, 27, 30, 31, 32, 37, 43, 51, 88, 122, 123], "summary": {"covered_lines": 20, "num_statements": 20, "percent_covered": 100.0, "percent_covered_display": "100", "missing_lines": 0, "excluded_lines": 0, "percent_statements_covered": 100.0, "percent_statements_covered_display": "100"}, "missing_lines": [], "excluded_lines": [], "start_line": 1}}, "classes": {"IFVMService": {"executed_lines": [44, 62, 66, 67, 69, 70, 71, 72, 73, 74, 76, 77, 78, 80, 81, 85, 86, 95, 96, 97, 98, 103, 140], "summary": {"covered_lines": 23, "num_statements": 34, "percent_covered": 67.6470588235294, "percent_covered_display": "68", "missing_lines": 11, "excluded_lines": 0, "percent_statements_covered": 67.6470588235294, "percent_statements_covered_display": "68"}, "missing_lines": [107, 108, 109, 110, 111, 114, 115, 116, 117, 118, 119], "excluded_lines": [], "start_line": 37}, "": {"executed_lines": [6, 7, 8, 9, 11, 12, 15, 18, 21, 24, 27, 30, 31, 32, 37, 43, 51, 88, 122, 123], "summary": {"covered_lines": 20, "num_statements": 20, "percent_covered": 100.0, "percent_covered_display": "100", "missing_lines": 0, "excluded_lines": 0, "percent_statements_covered": 100.0, "percent_statements_covered_display": "100"}, "missing_lines": [], "excluded_lines": [], "start_line": 1}}}, "backend/src/utils/__init__.py": {"executed_lines": [], "summary": {"covered_lines": 0, "num_statements": 0, "percent_covered": 100.0, "percent_covered_display": "100", "missing_lines": 0, "excluded_lines": 0, "percent_statements_covered": 100.0, "percent_statements_covered_display": "100"}, "missing_lines": [], "excluded_lines": [], "functions": {"": {"executed_lines": [], "summary": {"covered_lines": 0, "num_statements": 0, "percent_covered": 100.0, "percent_covered_display": "100", "missing_lines": 0, "excluded_lines": 0, "percent_statements_covered": 100.0, "percent_statements_covered_display": "100"}, "missing_lines": [], "excluded_lines": [], "start_line": 1}}, "classes": {"": {"executed_lines": [], "summary": {"covered_lines": 0, "num_statements": 0, "percent_covered": 100.0, "percent_covered_display": "100", "missing_lines": 0, "excluded_lines": 0, "percent_statements_covered": 100.0, "percent_statements_covered_display": "100"}, "missing_lines": [], "excluded_lines": [], "start_line": 1}}}, "backend/src/utils/helpers.py": {"executed_lines": [5, 7, 8, 9, 10, 11, 12, 13, 14, 15, 16, 17, 18, 19, 20, 21, 22, 30, 33, 43, 44, 45, 51, 64, 65, 66, 67, 68, 69, 73, 74, 75, 81, 85, 86, 90, 104, 107, 114, 115, 116, 117, 118, 120, 121, 123, 124, 129, 131, 132, 133, 136, 143, 144, 147, 160, 161, 163, 164, 167, 178, 179, 180, 181, 182, 185, 198, 204, 206, 212, 214, 220, 230, 231, 232, 233, 234, 235, 236, 237, 238, 239, 261, 268, 269, 270, 271, 278, 285, 303, 323, 324, 325, 327, 328, 329, 331], "summary": {"covered_lines": 97, "num_statements": 113, "percent_covered": 85.84070796460178, "percent_covered_display": "86", "missing_lines": 16, "excluded_lines": 0, "percent_statements_covered": 85.84070796460178, "percent_statements_covered_display": "86"}, "missing_lines": [87, 242, 247, 248, 249, 250, 251, 252, 256, 257, 258, 272, 273, 298, 299, 300], "excluded_lines": [], "functions": {"validate_query_parameters": {"executed_lines": [43, 44, 45], "summary": {"covered_lines": 3, "num_statements": 3, "percent_covered": 100.0, "percent_covered_display": "100", "missing_lines": 0, "excluded_lines": 0, "percent_statements_covered": 100.0, "percent_statements_covered_display": "100"}, "missing_lines": [], "excluded_lines": [], "start_line": 33}, "get_result_from_response": {"executed_lines": [64, 65, 66, 67, 68, 69, 73, 74, 75], "summary": {"covered_lines": 9, "num_statements": 9, "percent_covered": 100.0, "percent_covered_display": "100", "missing_lines": 0, "excluded_lines": 0, "percent_statements_covered": 100.0, "percent_statements_covered_display": "100"}, "missing_lines": [], "excluded_lines": [], "start_line": 51}, "str_to_float": {"executed_lines": [85, 86], "summary": {"covered_lines": 2, "num_statements": 3, "percent_covered": 66.66666666666667, "percent_covered_display": "67", "missing_lines": 1, "excluded_lines": 0, "percent_statements_covered": 66.66666666666667, "percent_statements_covered_display": "67"}, "missing_lines": [87], "excluded_lines": [], "start_line": 81}, "return_desired_metric_from_response": {"executed_lines": [104], "summary": {"covered_lines": 1, "num_statements": 1, "percent_covered": 100.0, "percent_covered_display": "100", "missing_lines": 0, "excluded_lines": 0, "percent_statements_covered": 100.0, "percent_statements_covered_display": "100"}, "missing_lines": [], "excluded_lines": [], "start_line": 90}, "run_command_and_parse_json": {"executed_lines": [114, 115, 116, 117, 118, 120, 121, 123, 124, 129, 131, 132, 133], "summary": {"covered_lines": 13, "num_statements": 13, "percent_covered": 100.0, "percent_covered_display": "100", "missing_lines": 0, "excluded_lines": 0, "percent_statements_covered": 100.0, "percent_statements_covered_display": "100"}, "missing_lines": [], "excluded_lines": [], "start_line": 107}, "remove_unnecessary": {"executed_lines": [143, 144], "summary": {"covered_lines": 2, "num_statements": 2, "percent_covered": 100.0, "percent_covered_display": "100", "missing_lines": 0, "excluded_lines": 0, "percent_statements_covered": 100.0, "percent_statements_covered_display": "100"}, "missing_lines": [], "excluded_lines": [], "start_line": 136}, "create_list_pattern": {"executed_lines": [160, 161, 163, 164], "summary": {"covered_lines": 4, "num_statements": 4, "percent_covered": 100.0, "percent_covered_display": "100", "missing_lines": 0, "excluded_lines": 0, "percent_statements_covered": 100.0, "percent_statements_covered_display": "100"}, "missing_lines": [], "excluded_lines": [], "start_line": 147}, "get_formatted_string": {"executed_lines": [178, 179, 180, 181, 182], "summary": {"covered_lines": 5, "num_statements": 5, "percent_covered": 100.0, "percent_covered_display": "100", "missing_lines": 0, "excluded_lines": 0, "percent_statements_covered": 100.0, "percent_statements_covered_display": "100"}, "missing_lines": [], "excluded_lines": [], "start_line": 167}, "group_clusters_by_level": {"executed_lines": [198], "summary": {"covered_lines": 1, "num_statements": 1, "percent_covered": 100.0, "percent_covered_display": "100", "missing_lines": 0, "excluded_lines": 0, "percent_statements_covered": 100.0, "percent_statements_covered_display": "100"}, "missing_lines": [], "excluded_lines": [], "start_line": 185}, "get_start_time": {"executed_lines": [206], "summary": {"covered_lines": 1, "num_statements": 1, "percent_covered": 100.0, "percent_covered_display": "100", "missing_lines": 0, "excluded_lines": 0, "percent_statements_covered": 100.0, "percent_statements_covered_display": "100"}, "missing_lines": [], "excluded_lines": [], "start_line": 204}, "get_end_time": {"executed_lines": [214], "summary": {"covered_lines": 1, "num_statements": 1, "percent_covered": 100.0, "percent_covered_display": "100", "missing_lines": 0, "excluded_lines": 0, "percent_statements_covered": 100.0, "percent_statements_covered_display": "100"}, "missing_lines": [], "excluded_lines": [], "start_line": 212}, "read_file": {"executed_lines": [230, 231, 232, 233, 234, 235, 236, 237, 238, 239], "summary": {"covered_lines": 10, "num_statements": 20, "percent_covered": 50.0, "percent_covered_display": "50", "missing_lines": 10, "excluded_lines": 0, "percent_statements_covered": 50.0, "percent_statements_covered_display": "50"}, "missing_lines": [242, 247, 248, 249, 250, 251, 252, 256, 257, 258], "excluded_lines": [], "start_line": 220}, "convert_to_seconds": {"executed_lines": [268, 269, 270, 271, 278], "summary": {"covered_lines": 5, "num_statements": 7, "percent_covered": 71.42857142857143, "percent_covered_display": "71", "missing_lines": 2, "excluded_lines": 0, "percent_statements_covered": 71.42857142857143, "percent_statements_covered_display": "71"}, "missing_lines": [272, 273], "excluded_lines": [], "start_line": 261}, "subtract_last_time_point": {"executed_lines": [], "summary": {"covered_lines": 0, "num_statements": 3, "percent_covered": 0.0, "percent_covered_display": "0", "missing_lines": 3, "excluded_lines": 0, "percent_statements_covered": 0.0, "percent_statements_covered_display": "0"}, "missing_lines": [298, 299, 300], "excluded_lines": [], "start_line": 285}, "get_timestamps": {"executed_lines": [323, 324, 325, 327, 328, 329, 331], "summary": {"covered_lines": 7, "num_statements": 7, "percent_covered": 100.0, "percent_covered_display": "100", "missing_lines": 0, "excluded_lines": 0, "percent_statements_covered": 100.0, "percent_statements_covered_display": "100"}, "missing_lines": [], "excluded_lines": [], "start_line": 303}, "": {"executed_lines": [5, 7, 8, 9, 10, 11, 12, 13, 14, 15, 16, 17, 18, 19, 20, 21, 22, 30, 33, 51, 81, 90, 107, 136, 147, 167, 185, 204, 212, 220, 261, 285, 303], "summary": {"covered_lines": 33, "num_statements": 33, "percent_covered": 100.0, "percent_covered_display": "100", "missing_lines": 0, "excluded_lines": 0, "percent_statements_covered": 100.0, "percent_statements_covered_display": "100"}, "missing_lines": [], "excluded_lines": [], "start_line": 1}}, "classes": {"": {"executed_lines": [5, 7, 8, 9, 10, 11, 12, 13, 14, 15, 16, 17, 18, 19, 20, 21, 22, 30, 33, 43, 44, 45, 51, 64, 65, 66, 67, 68, 69, 73, 74, 75, 81, 85, 86, 90, 104, 107, 114, 115, 116, 117, 118, 120, 121, 123, 124, 129, 131, 132, 133, 136, 143, 144, 147, 160, 161, 163, 164, 167, 178, 179, 180, 181, 182, 185, 198, 204, 206, 212, 214, 220, 230, 231, 232, 233, 234, 235, 236, 237, 238, 239, 261, 268, 269, 270, 271, 278, 285, 303, 323, 324, 325, 327, 328, 329, 331], "summary": {"covered_lines": 97, "num_statements": 113, "percent_covered": 85.84070796460178, "percent_covered_display": "86", "missing_lines": 16, "excluded_lines": 0, "percent_statements_covered": 85.84070796460178, "percent_statements_covered_display": "86"}, "missing_lines": [87, 242, 247, 248, 249, 250, 251, 252, 256, 257, 258, 272, 273, 298, 299, 300], "excluded_lines": [], "start_line": 1}}}, "backend/src/utils/ioc_util.py": {"executed_lines": [6, 9, 17, 26, 27, 28, 31, 41, 42, 44, 47, 48, 51], "summary": {"covered_lines": 13, "num_statements": 13, "percent_covered": 100.0, "percent_covered_display": "100", "missing_lines": 0, "excluded_lines": 0, "percent_statements_covered": 100.0, "percent_statements_covered_display": "100"}, "missing_lines": [], "excluded_lines": [], "functions": {"IocRegistrationModel.__init__": {"executed_lines": [26, 27, 28], "summary": {"covered_lines": 3, "num_statements": 3, "percent_covered": 100.0, "percent_covered_display": "100", "missing_lines": 0, "excluded_lines": 0, "percent_statements_covered": 100.0, "percent_statements_covered_display": "100"}, "missing_lines": [], "excluded_lines": [], "start_line": 17}, "resolve": {"executed_lines": [41, 42, 44, 47, 48], "summary": {"covered_lines": 5, "num_statements": 5, "percent_covered": 100.0, "percent_covered_display": "100", "missing_lines": 0, "excluded_lines": 0, "percent_statements_covered": 100.0, "percent_statements_covered_display": "100"}, "missing_lines": [], "excluded_lines": [], "start_line": 31}, "": {"executed_lines": [6, 9, 17, 31, 51], "summary": {"covered_lines": 5, "num_statements": 5, "percent_covered": 100.0, "percent_covered_display": "100", "missing_lines": 0, "excluded_lines": 0, "percent_statements_covered": 100.0, "percent_statements_covered_display": "100"}, "missing_lines": [], "excluded_lines": [], "start_line": 1}}, "classes": {"IocRegistrationModel": {"executed_lines": [26, 27, 28], "summary": {"covered_lines": 3, "num_statements": 3, "percent_covered": 100.0, "percent_covered_display": "100", "missing_lines": 0, "excluded_lines": 0, "percent_statements_covered": 100.0, "percent_statements_covered_display": "100"}, "missing_lines": [], "excluded_lines": [], "start_line": 9}, "": {"executed_lines": [6, 9, 17, 31, 41, 42, 44, 47, 48, 51], "summary": {"covered_lines": 10, "num_statements": 10, "percent_covered": 100.0, "percent_covered_display": "100", "missing_lines": 0, "excluded_lines": 0, "percent_statements_covered": 100.0, "percent_statements_covered_display": "100"}, "missing_lines": [], "excluded_lines": [], "start_line": 1}}}, "backend/src/utils/metrics_mapper.py": {"executed_lines": [5, 8, 13, 59, 60, 71, 72, 73, 74, 75, 76, 77], "summary": {"covered_lines": 12, "num_statements": 12, "percent_covered": 100.0, "percent_covered_display": "100", "missing_lines": 0, "excluded_lines": 0, "percent_statements_covered": 100.0, "percent_statements_covered_display": "100"}, "missing_lines": [], "excluded_lines": [], "functions": {"MetricsMapper.map_metrics_to_resource": {"executed_lines": [71, 72, 73, 74, 75, 76, 77], "summary": {"covered_lines": 7, "num_statements": 7, "percent_covered": 100.0, "percent_covered_display": "100", "missing_lines": 0, "excluded_lines": 0, "percent_statements_covered": 100.0, "percent_statements_covered_display": "100"}, "missing_lines": [], "excluded_lines": [], "start_line": 60}, "": {"executed_lines": [5, 8, 13, 59, 60], "summary": {"covered_lines": 5, "num_statements": 5, "percent_covered": 100.0, "percent_covered_display": "100", "missing_lines": 0, "excluded_lines": 0, "percent_statements_covered": 100.0, "percent_statements_covered_display": "100"}, "missing_lines": [], "excluded_lines": [], "start_line": 1}}, "classes": {"MetricsMapper": {"executed_lines": [71, 72, 73, 74, 75, 76, 77], "summary": {"covered_lines": 7, "num_statements": 7, "percent_covered": 100.0, "percent_covered_display": "100", "missing_lines": 0, "excluded_lines": 0, "percent_statements_covered": 100.0, "percent_statements_covered_display": "100"}, "missing_lines": [], "excluded_lines": [], "start_line": 8}, "": {"executed_lines": [5, 8, 13, 59, 60], "summary": {"covered_lines": 5, "num_statements": 5, "percent_covered": 100.0, "percent_covered_display": "100", "missing_lines": 0, "excluded_lines": 0, "percent_statements_covered": 100.0, "percent_statements_covered_display": "100"}, "missing_lines": [], "excluded_lines": [], "start_line": 1}}}, "backend/src/utils/paas_ci_mapper.py": {"executed_lines": [6, 7, 8, 9, 12, 18, 19, 26, 27, 28, 31, 32, 33, 34, 35, 38, 40, 41, 42, 43, 44, 45, 46, 47, 48, 49, 50, 52, 53, 54, 55], "summary": {"covered_lines": 31, "num_statements": 31, "percent_covered": 100.0, "percent_covered_display": "100", "missing_lines": 0, "excluded_lines": 0, "percent_statements_covered": 100.0, "percent_statements_covered_display": "100"}, "missing_lines": [], "excluded_lines": [], "functions": {"PaasCiMapper.__extract_zone_from_paas": {"executed_lines": [26, 27, 28, 31, 32, 33, 34, 35, 38], "summary": {"covered_lines": 9, "num_statements": 9, "percent_covered": 100.0, "percent_covered_display": "100", "missing_lines": 0, "excluded_lines": 0, "percent_statements_covered": 100.0, "percent_statements_covered_display": "100"}, "missing_lines": [], "excluded_lines": [], "start_line": 19}, "PaasCiMapper.calculate_ci": {"executed_lines": [43, 44, 45, 46, 47, 48, 49, 50], "summary": {"covered_lines": 8, "num_statements": 8, "percent_covered": 100.0, "percent_covered_display": "100", "missing_lines": 0, "excluded_lines": 0, "percent_statements_covered": 100.0, "percent_statements_covered_display": "100"}, "missing_lines": [], "excluded_lines": [], "start_line": 42}, "PaasCiMapper.get_ci_from_paas": {"executed_lines": [54, 55], "summary": {"covered_lines": 2, "num_statements": 2, "percent_covered": 100.0, "percent_covered_display": "100", "missing_lines": 0, "excluded_lines": 0, "percent_statements_covered": 100.0, "percent_statements_covered_display": "100"}, "missing_lines": [], "excluded_lines": [], "start_line": 53}, "": {"executed_lines": [6, 7, 8, 9, 12, 18, 19, 40, 41, 42, 52, 53], "summary": {"covered_lines": 12, "num_statements": 12, "percent_covered": 100.0, "percent_covered_display": "100", "missing_lines": 0, "excluded_lines": 0, "percent_statements_covered": 100.0, "percent_statements_covered_display": "100"}, "missing_lines": [], "excluded_lines": [], "start_line": 1}}, "classes": {"PaasCiMapper": {"executed_lines": [26, 27, 28, 31, 32, 33, 34, 35, 38, 43, 44, 45, 46, 47, 48, 49, 50, 54, 55], "summary": {"covered_lines": 19, "num_statements": 19, "percent_covered": 100.0, "percent_covered_display": "100", "missing_lines": 0, "excluded_lines": 0, "percent_statements_covered": 100.0, "percent_statements_covered_display": "100"}, "missing_lines": [], "excluded_lines": [], "start_line": 12}, "": {"executed_lines": [6, 7, 8, 9, 12, 18, 19, 40, 41, 42, 52, 53], "summary": {"covered_lines": 12, "num_statements": 12, "percent_covered": 100.0, "percent_covered_display": "100", "missing_lines": 0, "excluded_lines": 0, "percent_statements_covered": 100.0, "percent_statements_covered_display": "100"}, "missing_lines": [], "excluded_lines": [], "start_line": 1}}}}, "totals": {"covered_lines": 2295, "num_statements": 2900, "percent_covered": 79.13793103448276, "percent_covered_display": "79", "missing_lines": 605, "excluded_lines": 0, "percent_statements_covered": 79.13793103448276, "percent_statements_covered_display": "79"}}